* using log directory ‘/Users/ebiederstedt/RLancet/..Rcheck’
* using R version 3.3.3 (2017-03-06)
* using platform: x86_64-apple-darwin13.4.0 (64-bit)
* using session charset: UTF-8
* checking for file ‘./DESCRIPTION’ ... OK
* checking extension type ... Package
* this is package ‘RLancet’ version ‘1.0’
* checking package namespace information ... OK
* checking package dependencies ... OK
* checking if this is a source package ... NOTE
Found the following apparent object files/libraries:
  src/bamtools-2.3.0/build/src/api/CMakeFiles/BamTools-static.dir/BamAlignment.cpp.o
  src/bamtools-2.3.0/build/src/api/CMakeFiles/BamTools-static.dir/BamMultiReader.cpp.o
  src/bamtools-2.3.0/build/src/api/CMakeFiles/BamTools-static.dir/BamReader.cpp.o
  src/bamtools-2.3.0/build/src/api/CMakeFiles/BamTools-static.dir/BamWriter.cpp.o
  src/bamtools-2.3.0/build/src/api/CMakeFiles/BamTools-static.dir/SamHeader.cpp.o
  src/bamtools-2.3.0/build/src/api/CMakeFiles/BamTools-static.dir/SamProgram.cpp.o
  src/bamtools-2.3.0/build/src/api/CMakeFiles/BamTools-static.dir/SamProgramChain.cpp.o
  src/bamtools-2.3.0/build/src/api/CMakeFiles/BamTools-static.dir/SamReadGroup.cpp.o
  src/bamtools-2.3.0/build/src/api/CMakeFiles/BamTools-static.dir/SamReadGroupDictionary.cpp.o
  src/bamtools-2.3.0/build/src/api/CMakeFiles/BamTools-static.dir/SamSequence.cpp.o
  src/bamtools-2.3.0/build/src/api/CMakeFiles/BamTools-static.dir/SamSequenceDictionary.cpp.o
  src/bamtools-2.3.0/build/src/api/CMakeFiles/BamTools-static.dir/internal/bam/BamHeader_p.cpp.o
  src/bamtools-2.3.0/build/src/api/CMakeFiles/BamTools-static.dir/internal/bam/BamMultiReader_p.cpp.o
  src/bamtools-2.3.0/build/src/api/CMakeFiles/BamTools-static.dir/internal/bam/BamRandomAccessController_p.cpp.o
  src/bamtools-2.3.0/build/src/api/CMakeFiles/BamTools-static.dir/internal/bam/BamReader_p.cpp.o
  src/bamtools-2.3.0/build/src/api/CMakeFiles/BamTools-static.dir/internal/bam/BamWriter_p.cpp.o
  src/bamtools-2.3.0/build/src/api/CMakeFiles/BamTools-static.dir/internal/index/BamIndexFactory_p.cpp.o
  src/bamtools-2.3.0/build/src/api/CMakeFiles/BamTools-static.dir/internal/index/BamStandardIndex_p.cpp.o
  src/bamtools-2.3.0/build/src/api/CMakeFiles/BamTools-static.dir/internal/index/BamToolsIndex_p.cpp.o
  src/bamtools-2.3.0/build/src/api/CMakeFiles/BamTools-static.dir/internal/io/BamDeviceFactory_p.cpp.o
  src/bamtools-2.3.0/build/src/api/CMakeFiles/BamTools-static.dir/internal/io/BamFile_p.cpp.o
  src/bamtools-2.3.0/build/src/api/CMakeFiles/BamTools-static.dir/internal/io/BamFtp_p.cpp.o
  src/bamtools-2.3.0/build/src/api/CMakeFiles/BamTools-static.dir/internal/io/BamHttp_p.cpp.o
  src/bamtools-2.3.0/build/src/api/CMakeFiles/BamTools-static.dir/internal/io/BamPipe_p.cpp.o
  src/bamtools-2.3.0/build/src/api/CMakeFiles/BamTools-static.dir/internal/io/BgzfStream_p.cpp.o
  src/bamtools-2.3.0/build/src/api/CMakeFiles/BamTools-static.dir/internal/io/ByteArray_p.cpp.o
  src/bamtools-2.3.0/build/src/api/CMakeFiles/BamTools-static.dir/internal/io/HostAddress_p.cpp.o
  src/bamtools-2.3.0/build/src/api/CMakeFiles/BamTools-static.dir/internal/io/HostInfo_p.cpp.o
  src/bamtools-2.3.0/build/src/api/CMakeFiles/BamTools-static.dir/internal/io/HttpHeader_p.cpp.o
  src/bamtools-2.3.0/build/src/api/CMakeFiles/BamTools-static.dir/internal/io/ILocalIODevice_p.cpp.o
  src/bamtools-2.3.0/build/src/api/CMakeFiles/BamTools-static.dir/internal/io/RollingBuffer_p.cpp.o
  src/bamtools-2.3.0/build/src/api/CMakeFiles/BamTools-static.dir/internal/io/TcpSocketEngine_p.cpp.o
  src/bamtools-2.3.0/build/src/api/CMakeFiles/BamTools-static.dir/internal/io/TcpSocketEngine_unix_p.cpp.o
  src/bamtools-2.3.0/build/src/api/CMakeFiles/BamTools-static.dir/internal/io/TcpSocket_p.cpp.o
  src/bamtools-2.3.0/build/src/api/CMakeFiles/BamTools-static.dir/internal/sam/SamFormatParser_p.cpp.o
  src/bamtools-2.3.0/build/src/api/CMakeFiles/BamTools-static.dir/internal/sam/SamFormatPrinter_p.cpp.o
  src/bamtools-2.3.0/build/src/api/CMakeFiles/BamTools-static.dir/internal/sam/SamHeaderValidator_p.cpp.o
  src/bamtools-2.3.0/build/src/api/CMakeFiles/BamTools-static.dir/internal/utils/BamException_p.cpp.o
  src/bamtools-2.3.0/build/src/api/CMakeFiles/BamTools.dir/BamAlignment.cpp.o
  src/bamtools-2.3.0/build/src/api/CMakeFiles/BamTools.dir/BamMultiReader.cpp.o
  src/bamtools-2.3.0/build/src/api/CMakeFiles/BamTools.dir/BamReader.cpp.o
  src/bamtools-2.3.0/build/src/api/CMakeFiles/BamTools.dir/BamWriter.cpp.o
  src/bamtools-2.3.0/build/src/api/CMakeFiles/BamTools.dir/SamHeader.cpp.o
  src/bamtools-2.3.0/build/src/api/CMakeFiles/BamTools.dir/SamProgram.cpp.o
  src/bamtools-2.3.0/build/src/api/CMakeFiles/BamTools.dir/SamProgramChain.cpp.o
  src/bamtools-2.3.0/build/src/api/CMakeFiles/BamTools.dir/SamReadGroup.cpp.o
  src/bamtools-2.3.0/build/src/api/CMakeFiles/BamTools.dir/SamReadGroupDictionary.cpp.o
  src/bamtools-2.3.0/build/src/api/CMakeFiles/BamTools.dir/SamSequence.cpp.o
  src/bamtools-2.3.0/build/src/api/CMakeFiles/BamTools.dir/SamSequenceDictionary.cpp.o
  src/bamtools-2.3.0/build/src/api/CMakeFiles/BamTools.dir/internal/bam/BamHeader_p.cpp.o
  src/bamtools-2.3.0/build/src/api/CMakeFiles/BamTools.dir/internal/bam/BamMultiReader_p.cpp.o
  src/bamtools-2.3.0/build/src/api/CMakeFiles/BamTools.dir/internal/bam/BamRandomAccessController_p.cpp.o
  src/bamtools-2.3.0/build/src/api/CMakeFiles/BamTools.dir/internal/bam/BamReader_p.cpp.o
  src/bamtools-2.3.0/build/src/api/CMakeFiles/BamTools.dir/internal/bam/BamWriter_p.cpp.o
  src/bamtools-2.3.0/build/src/api/CMakeFiles/BamTools.dir/internal/index/BamIndexFactory_p.cpp.o
  src/bamtools-2.3.0/build/src/api/CMakeFiles/BamTools.dir/internal/index/BamStandardIndex_p.cpp.o
  src/bamtools-2.3.0/build/src/api/CMakeFiles/BamTools.dir/internal/index/BamToolsIndex_p.cpp.o
  src/bamtools-2.3.0/build/src/api/CMakeFiles/BamTools.dir/internal/io/BamDeviceFactory_p.cpp.o
  src/bamtools-2.3.0/build/src/api/CMakeFiles/BamTools.dir/internal/io/BamFile_p.cpp.o
  src/bamtools-2.3.0/build/src/api/CMakeFiles/BamTools.dir/internal/io/BamFtp_p.cpp.o
  src/bamtools-2.3.0/build/src/api/CMakeFiles/BamTools.dir/internal/io/BamHttp_p.cpp.o
  src/bamtools-2.3.0/build/src/api/CMakeFiles/BamTools.dir/internal/io/BamPipe_p.cpp.o
  src/bamtools-2.3.0/build/src/api/CMakeFiles/BamTools.dir/internal/io/BgzfStream_p.cpp.o
  src/bamtools-2.3.0/build/src/api/CMakeFiles/BamTools.dir/internal/io/ByteArray_p.cpp.o
  src/bamtools-2.3.0/build/src/api/CMakeFiles/BamTools.dir/internal/io/HostAddress_p.cpp.o
  src/bamtools-2.3.0/build/src/api/CMakeFiles/BamTools.dir/internal/io/HostInfo_p.cpp.o
  src/bamtools-2.3.0/build/src/api/CMakeFiles/BamTools.dir/internal/io/HttpHeader_p.cpp.o
  src/bamtools-2.3.0/build/src/api/CMakeFiles/BamTools.dir/internal/io/ILocalIODevice_p.cpp.o
  src/bamtools-2.3.0/build/src/api/CMakeFiles/BamTools.dir/internal/io/RollingBuffer_p.cpp.o
  src/bamtools-2.3.0/build/src/api/CMakeFiles/BamTools.dir/internal/io/TcpSocketEngine_p.cpp.o
  src/bamtools-2.3.0/build/src/api/CMakeFiles/BamTools.dir/internal/io/TcpSocketEngine_unix_p.cpp.o
  src/bamtools-2.3.0/build/src/api/CMakeFiles/BamTools.dir/internal/io/TcpSocket_p.cpp.o
  src/bamtools-2.3.0/build/src/api/CMakeFiles/BamTools.dir/internal/sam/SamFormatParser_p.cpp.o
  src/bamtools-2.3.0/build/src/api/CMakeFiles/BamTools.dir/internal/sam/SamFormatPrinter_p.cpp.o
  src/bamtools-2.3.0/build/src/api/CMakeFiles/BamTools.dir/internal/sam/SamHeaderValidator_p.cpp.o
  src/bamtools-2.3.0/build/src/api/CMakeFiles/BamTools.dir/internal/utils/BamException_p.cpp.o
  src/bamtools-2.3.0/build/src/third_party/jsoncpp/CMakeFiles/jsoncpp.dir/json_reader.cpp.o
  src/bamtools-2.3.0/build/src/third_party/jsoncpp/CMakeFiles/jsoncpp.dir/json_value.cpp.o
  src/bamtools-2.3.0/build/src/third_party/jsoncpp/CMakeFiles/jsoncpp.dir/json_writer.cpp.o
  src/bamtools-2.3.0/build/src/toolkit/CMakeFiles/bamtools_cmd.dir/bamtools.cpp.o
  src/bamtools-2.3.0/build/src/toolkit/CMakeFiles/bamtools_cmd.dir/bamtools_convert.cpp.o
  src/bamtools-2.3.0/build/src/toolkit/CMakeFiles/bamtools_cmd.dir/bamtools_count.cpp.o
  src/bamtools-2.3.0/build/src/toolkit/CMakeFiles/bamtools_cmd.dir/bamtools_coverage.cpp.o
  src/bamtools-2.3.0/build/src/toolkit/CMakeFiles/bamtools_cmd.dir/bamtools_filter.cpp.o
  src/bamtools-2.3.0/build/src/toolkit/CMakeFiles/bamtools_cmd.dir/bamtools_header.cpp.o
  src/bamtools-2.3.0/build/src/toolkit/CMakeFiles/bamtools_cmd.dir/bamtools_index.cpp.o
  src/bamtools-2.3.0/build/src/toolkit/CMakeFiles/bamtools_cmd.dir/bamtools_merge.cpp.o
  src/bamtools-2.3.0/build/src/toolkit/CMakeFiles/bamtools_cmd.dir/bamtools_random.cpp.o
  src/bamtools-2.3.0/build/src/toolkit/CMakeFiles/bamtools_cmd.dir/bamtools_resolve.cpp.o
  src/bamtools-2.3.0/build/src/toolkit/CMakeFiles/bamtools_cmd.dir/bamtools_revert.cpp.o
  src/bamtools-2.3.0/build/src/toolkit/CMakeFiles/bamtools_cmd.dir/bamtools_sort.cpp.o
  src/bamtools-2.3.0/build/src/toolkit/CMakeFiles/bamtools_cmd.dir/bamtools_split.cpp.o
  src/bamtools-2.3.0/build/src/toolkit/CMakeFiles/bamtools_cmd.dir/bamtools_stats.cpp.o
  src/bamtools-2.3.0/build/src/utils/CMakeFiles/BamTools-utils.dir/bamtools_fasta.cpp.o
  src/bamtools-2.3.0/build/src/utils/CMakeFiles/BamTools-utils.dir/bamtools_options.cpp.o
  src/bamtools-2.3.0/build/src/utils/CMakeFiles/BamTools-utils.dir/bamtools_pileup_engine.cpp.o
  src/bamtools-2.3.0/build/src/utils/CMakeFiles/BamTools-utils.dir/bamtools_utilities.cpp.o
  src/bamtools-2.3.0/lib/libbamtools-utils.a
  src/bamtools-2.3.0/lib/libbamtools.a
  src/bamtools-2.3.0/lib/libjsoncpp.a src/htslib-1.3/bgzf.o
  src/htslib-1.3/bgzip.o src/htslib-1.3/cram/cram_codecs.o
  src/htslib-1.3/cram/cram_decode.o src/htslib-1.3/cram/cram_encode.o
  src/htslib-1.3/cram/cram_external.o src/htslib-1.3/cram/cram_index.o
  src/htslib-1.3/cram/cram_io.o src/htslib-1.3/cram/cram_samtools.o
  src/htslib-1.3/cram/cram_stats.o src/htslib-1.3/cram/files.o
  src/htslib-1.3/cram/mFILE.o src/htslib-1.3/cram/open_trace_file.o
  src/htslib-1.3/cram/pooled_alloc.o src/htslib-1.3/cram/rANS_static.o
  src/htslib-1.3/cram/sam_header.o src/htslib-1.3/cram/string_alloc.o
  src/htslib-1.3/cram/thread_pool.o src/htslib-1.3/cram/vlen.o
  src/htslib-1.3/cram/zfio.o src/htslib-1.3/faidx.o
  src/htslib-1.3/hfile.o src/htslib-1.3/hfile_net.o
  src/htslib-1.3/hts.o src/htslib-1.3/htsfile.o src/htslib-1.3/kfunc.o
  src/htslib-1.3/knetfile.o src/htslib-1.3/kstring.o
  src/htslib-1.3/libhts.a src/htslib-1.3/md5.o src/htslib-1.3/regidx.o
  src/htslib-1.3/sam.o src/htslib-1.3/synced_bcf_reader.o
  src/htslib-1.3/tabix.o src/htslib-1.3/tbx.o
  src/htslib-1.3/test/fieldarith.o src/htslib-1.3/test/hfile.o
  src/htslib-1.3/test/sam.o src/htslib-1.3/test/test-regidx.o
  src/htslib-1.3/test/test-vcf-api.o
  src/htslib-1.3/test/test-vcf-sweep.o src/htslib-1.3/test/test_view.o
  src/htslib-1.3/vcf.o src/htslib-1.3/vcf_sweep.o
  src/htslib-1.3/vcfutils.o
Object files/libraries should not be included in a source package.
* checking if there is a namespace ... OK
* checking for executable files ... WARNING
Found the following executable files:
  .git/objects/00/10f53fa27703727d092f6975b7e4f878b2d8f9
  .git/objects/00/1e6c212e5a6d6de7fd746c09dea4ca78bd8077
  .git/objects/00/35913cbd79e3106d6bd9da15a149e8ef9fc570
  .git/objects/00/5baa14178df20f8e22b5a7fa3ea22730bd938a
  .git/objects/00/7221a7cd030e0fd2a1d68e8086340d95a7e8e0
  .git/objects/00/d99dfc5df8db46625ec73cd3b7181df385c543
  .git/objects/02/6b8661b6999ebe07213c24c3e426977d86ca73
  .git/objects/03/b74c63154de2cf16539ac48fd3049bdae8157d
  .git/objects/03/db010b761cc471d804f477a8fc776f8eab9f27
  .git/objects/04/3d0f0d9c0c14dd34b4b6bd908bd7f94fe5dadb
  .git/objects/04/3da83e64495fa4252e0e2a247a3fe24f2e3eb9
  .git/objects/04/618cac59e12ad01367e14f4a64d5e9ac74fed6
  .git/objects/05/35065192076660320e7fee09009772917b63b3
  .git/objects/05/521dcc760e622952ca0459a4ca20ee1c544b79
  .git/objects/05/887a31d5d819ec482135955fe0f895559c5fed
  .git/objects/05/a3a88d22bca7d66ca89c162e3fdd90fb59699a
  .git/objects/05/c5f0d0435f572de382a5721ef8f0c6de66fea6
  .git/objects/05/e2a8076b6e5720a44f82637a84748b720700f2
  .git/objects/06/fc7a3318f26fca340349bcb97bc78e44606a48
  .git/objects/07/090e9e011a19898e004e09a78e83aa51719207
  .git/objects/07/28d962141b559c6f8ce7d69a9721c9c02a7a52
  .git/objects/07/561f2f31cd7444cdb93b6fdbd0379166a0d9d4
  .git/objects/07/d62b272a8b3f0fb1ed58bdb9eee4a6e4f77c99
  .git/objects/08/3174144d5d6ad6d77ec32e4db8fab20e0bd3d6
  .git/objects/08/4a6cb4eec452bbb6f17945e89466f452d1742b
  .git/objects/09/19d3c5b877847c0650818c0cc4d0977fde5759
  .git/objects/09/3ce2d76eea1d0624e6fa075508bd56e03be8ed
  .git/objects/09/b23ffce71e1ff728381b588ec69f18a1fb07d5
  .git/objects/0a/672c6d3068ac56efce58d1021348ba7695b126
  .git/objects/0a/8f62053c0c336ad1fe3896009fb03c64fc06cf
  .git/objects/0a/9cee52233328b1bafdc4bc402699fa14038f73
  .git/objects/0a/a298d090fe9592290631956d7510b4d1143dda
  .git/objects/0a/b54257610d537590f7da397a77fa06ce5d976f
  .git/objects/0a/befe638a34ba522031b182db52a36a015c0177
  .git/objects/0a/ea6b888d342ba5b21081e7dc7b6fbd04a43419
  .git/objects/0b/0007fae8f46aedd20212c3def667cc829a86d1
  .git/objects/0b/ecb2484c3d2eef38aedf712dcb6c31e6f2c0b0
  .git/objects/0c/004bcb0d08d955e36624adb0388283068748d2
  .git/objects/0c/4385015e35661a55d5af0406aa1b39e472530e
  .git/objects/0c/b6dfdb60a38b4f492bd0bf0eb616604bf552a6
  .git/objects/0d/13b7d4dd45ff3c9d71269e8493d8ec0197b98d
  .git/objects/0d/2bc9c2e4ac8a8f21baa2d9cdbe8251d405fee8
  .git/objects/0d/4bd72b64708bd4585ed17dc9803bac05cfbac2
  .git/objects/0d/813aba0ecca742beabdc5ef6c6aa1241673a8a
  .git/objects/0d/d3e993377ea609cf3e573d14b4ba1952700a44
  .git/objects/0e/65a19ea7f4273e894180de1535f9a6547d81f1
  .git/objects/0e/7a07550319d7e20344b0ca60c5e6fa95177458
  .git/objects/0f/46967f422fc932bca84b29783f42221a23ed1b
  .git/objects/0f/9535160687dc68429f5ef59e8edcd0000e1a80
  .git/objects/0f/e26540b345fcab7b3260a8d7f6e784a1128e14
  .git/objects/0f/e8864ab652f726e0a5819280b4217fa49df9bb
  .git/objects/10/1d8d0e1e9a8eacb2c121d5323b8ecf5a95f38e
  .git/objects/10/3e34b02b7a43f296d4abfa588ee0fb0b1a885e
  .git/objects/11/48a4fc6f39975c1e9f80ed28c0abbeea708284
  .git/objects/11/562f32ee27dc0ec3bd897c590c5c3bcab31b30
  .git/objects/11/d25dda641991147cbc7586ba8be1d2a6abab61
  .git/objects/11/f20b8030413f81f675cf3aaec7ff7b5bdc16e4
  .git/objects/11/f549c5187f2c75c2877b3c4d4b800bf08516d4
  .git/objects/12/55725f5b16af850aed2408568ee2d9acef9fbb
  .git/objects/12/c54c94476aaebae3b444a89220dbfd31dabc06
  .git/objects/13/08a0d6636ea851d78a1bcaa7f270bd4d46a8d1
  .git/objects/14/1fe0e3fefda74e44a60714badb275769b555a7
  .git/objects/14/665077972980772d0b0a4f03f3164bbf22d113
  .git/objects/15/1a0e99fdb220e250da06801c58ac7c63ccc1c5
  .git/objects/15/23bc0c798323c835a451f81513c875277ee36f
  .git/objects/15/6df2611acffe56a98634570968f4c45c4a4bd3
  .git/objects/15/71a112f163e387f6552d1485367d679f505e55
  .git/objects/15/792461829f9537e2246d8dbb461c292466d4a2
  .git/objects/15/b41354d9e2e119e2c1e4e2cc38cd80fd500ecc
  .git/objects/15/dc6d11e24917829e834a95fcffcf7ed199250d
  .git/objects/16/2c90d840f93afd6f529992a390ade0c1fa2aaa
  .git/objects/16/65f47b5e2997eab5505c370500aadc4801f209
  .git/objects/16/8ed94ed022f27f96a8f60c1cc4cb2982fbaab1
  .git/objects/17/206788eb60540fc7d7d12d3aed69349ede5055
  .git/objects/17/290cd2a3912092d7c8dd6195849338f8b93f78
  .git/objects/17/3e2ed25708beaf262b69b5b9228c11e4199862
  .git/objects/17/df42bde234c1582d9f24f0ad480df86ce2d7ef
  .git/objects/18/0d1e8ff524f7dfc4af7c8d346bb697824339dc
  .git/objects/18/11f3cacae41139fbf4573e584a7c643fdb64a5
  .git/objects/18/17f42a93b10c6f3c0fae80ec5fabeb17f0114e
  .git/objects/18/18c7ae71959194051c374469b1b268ca7b7e03
  .git/objects/18/1dbe0a25f3848644ab487819b3e9c39542cd3b
  .git/objects/18/b0c6467126f9be2c419936b7cbd377c0ea431d
  .git/objects/19/41a11f8ce94389160b458927a29ba217542818
  .git/objects/19/5a7b5a03a02843faaadc2466f874fe337536cb
  .git/objects/19/a302733687fee71a88af800553489981cc5e28
  .git/objects/19/c64d835c63763bf380749febd90a9beb16129a
  .git/objects/19/fab2149bf120962a1699d74b7373348dc4c117
  .git/objects/1a/72d11d0ab441ca54468731d458bfdbad5c4635
  .git/objects/1a/95cc72eeb09d2ce6b3782f9b56f8c85a6e7753
  .git/objects/1b/789903727e241856d32446ea00a942d3e993d3
  .git/objects/1b/d2569d3ecdb9f207f7eae566a979557ee10cc0
  .git/objects/1c/33f4b2007b72daa6549bb290e59844afb6b92c
  .git/objects/1d/48533d8687773384b4582f2e006a07612890eb
  .git/objects/1d/bd018ffb7142b47aa064285a100a538aa57f94
  .git/objects/1e/1d309a15d91fd84a592d30bf6c3ef182c9ab90
  .git/objects/1e/6fba650e66286f6c0086f254201d670e613fdf
  .git/objects/1e/70fc610243076a3c0dcc54d35186990a1e4518
  .git/objects/1f/1616a2f24e4b1ba1edeb94b849d08e6f1a8cc1
  .git/objects/1f/3d4ce335aa4e8b271ebc3ba1698436f24b45d5
  .git/objects/1f/4e0d8861197c2e94de38724d2e249d8516c171
  .git/objects/1f/68e0e134edf8e73949800ae65849d4af161a12
  .git/objects/1f/d56e73ac7e5c020c6f479958b476d3650db138
  .git/objects/20/26dd7f628ae62e1b5859b2484b589c0396f861
  .git/objects/20/7075ecfe00d5295d3fdffbe5335d4fc6556c37
  .git/objects/21/1a13b78831dd50401047eea57d0b71b2b46099
  .git/objects/21/7d538d91e2fcdc36d598c3772531939ffb8b37
  .git/objects/21/ac272474443d004a4b72a99f3bab819364d95c
  .git/objects/22/851d8f46c6c22dec1a7a81d55ea83d3a360ab5
  .git/objects/22/d80964905b7bb995c0386f7ac6be2cd42ca34c
  .git/objects/22/df999ec8b32dd893cdde487ed192e8e74fcdf7
  .git/objects/22/fb34d75858d0057dcd5e7fd437236215cf93c4
  .git/objects/24/db901e0e0dec81fd18f7e805f13161a98a8374
  .git/objects/24/eef4ad1e6e3c752b1356fd11beacee593ebfee
  .git/objects/25/2c0a994ea2166b02ffe0a0b2ea2318e15f6e28
  .git/objects/25/71845e0f5ca56eeee979676497fb8017d0b300
  .git/objects/25/971bb42e6fc304c5423639a3bb84c7ddb93206
  .git/objects/25/c66f33e27c02450163a0acc204fa664e7c51c4
  .git/objects/25/e33a7b26f2628d053b70456fc3a8d558a8b6b5
  .git/objects/26/06a98db53b74fab3b3cadae0a765e033ccd75a
  .git/objects/26/3447a877a84303646e69504d0d61fff93edb93
  .git/objects/27/070517b85e1002992fd3bce6cbc9a5b633eb8b
  .git/objects/27/221976c05fce5de52ee155fe4ad403b0b74dfe
  .git/objects/27/3d56e767f970af328084b22050e26c763fbff0
  .git/objects/27/771ffc724eb6ac154626e82e671a7f9eb791fd
  .git/objects/27/bb8896b97c7e202d076bea398f197fb5c13403
  .git/objects/27/fa1f48ccf791ee3149459c4877d0afa6be8271
  .git/objects/28/153d58465fc7f993bf62b901894fe257417c7b
  .git/objects/28/180ecd880dc573354392ddf7430953d396a7c0
  .git/objects/28/fe629b566385bcd90d691086b2e2dc3180a345
  .git/objects/29/097d021bacbc9fb7a42fbf3ba773ee572a29c6
  .git/objects/29/397083e1f01a16f6e5e2369567494508b84291
  .git/objects/29/8fa23289f12038805f4836f40b85985d111ec3
  .git/objects/29/cc99800945409b6c382bd5ec63463761a1380e
  .git/objects/29/d6383b52c1352e92a45875b5bb206f89139643
  .git/objects/2a/a8f40400822ebccba3a2f5c390787f0509745a
  .git/objects/2a/d2dee13bdf09b1926667c13824be3127175668
  .git/objects/2a/d2e7f3071a6adadc738a33a1e8f98af8c4832e
  .git/objects/2a/fe1297661e80cdff94c4dd75631df1b97302d5
  .git/objects/2b/c8fde890f16fed5665ac8c1323e50960418933
  .git/objects/2c/44f8c25f2e0b6d446df9fef07cde6821ad52ad
  .git/objects/2c/c96752dc592876cc7b9a6cd5fef40e0bc1d040
  .git/objects/2c/edb0175043488be10522e28dc8ffdae99d811b
  .git/objects/2d/10934836d614701089ba7a35b99884cf66e7f8
  .git/objects/2d/33be61f146313c9a1bb98682c147c544f77b9a
  .git/objects/2d/55f2c5c862518dba4e36925f5463d8903b5a78
  .git/objects/2d/66298588989dc5d404dae0025b8bf4e952498e
  .git/objects/2d/7efbc98af4ef9e266c4ec3b697bfc1cc367c47
  .git/objects/2d/b60f0d863a6c7e0fdbb6fe98c7c1b9bc3727be
  .git/objects/2d/e9a868db95353b77f53c7b64507754cabbb2ad
  .git/objects/2d/f34830c20881368b9c004a99de0b3049dd5322
  .git/objects/2e/67467d90ac0627009063d861a19bf30c042b06
  .git/objects/2e/91c96ae0b0924b6f2143ab70f5865e67d98462
  .git/objects/2e/d7497436846a9f9234bbf49275707d9ea9361a
  .git/objects/2f/172422e9cc68a633a4a6f4c8c31d8ac0d4edad
  .git/objects/2f/303bd71a1034119ac23e74d9bc65c316945f38
  .git/objects/2f/d049aabd43c0e7fbf73d3b1efd8bf17d9a2e40
  .git/objects/2f/dfe168298b814e277c3e9d352364dd5b058b75
  .git/objects/30/00097dd972e66456fb9eb7fffe668c9afbf054
  .git/objects/30/33f15ab890f95fa730d95db48137caf9bf44ce
  .git/objects/30/914ef89d09ea7ec2d45401b01d50c628b23b57
  .git/objects/31/0d8371241f4650fcb95c66e1977bcc2625ef25
  .git/objects/31/43bd67996e96e0172dc341162915ee04b983c5
  .git/objects/31/81f61f9c6758904de995b50fa294f6cb418401
  .git/objects/32/5314cfe5a703286a29a56fdcc970d6d0bd670c
  .git/objects/32/902e11904aa6187e3c25b90ea5b4e1350e43f0
  .git/objects/32/9213ae1c1854b0510eec91d6a5635d4a232a64
  .git/objects/32/d0982a9c4f8a8c3a71b4f2b006c89e6495abeb
  .git/objects/33/06b68a364f8a811c4eb929a84950b4ddac809e
  .git/objects/33/b073544ad92b129e81ac81e3a9a96ed09ac1df
  .git/objects/33/d252f2580c94ab9185fe59b9c3c5ef9ebec4ea
  .git/objects/34/1ca69676ee3f0e52d938565c80a59546bee239
  .git/objects/34/d2e8c4b30f6c938980556823efe8cd6828aff8
  .git/objects/35/2ab4fd22c4cc865da71f48292934fd1f71ed1c
  .git/objects/35/44de9b7293fcbed8f468576e0c4d14d18b4287
  .git/objects/35/95032203fc9f9c448d14c994cfe7fc18b812bf
  .git/objects/36/1ee7eefcc7f57bcbd1ba70d21483e36c378728
  .git/objects/36/5e4d9c1e1c0a0edd05a7d2f55454dfaf607c3f
  .git/objects/36/79a65b99a800bdaf3837059265c6d04e11096e
  .git/objects/36/7ac58a475882862c3a678200027b9fb30b1a35
  .git/objects/37/427e65a458e1119ddd89e832fe3b3e66ff600e
  .git/objects/37/9269cca8fe11a21a735e0389cf520a1b7d3bed
  .git/objects/37/96e01e761a27d80771f850163476b10751db13
  .git/objects/37/ed68818c01f39566643104c0b57b2e6e779053
  .git/objects/37/f32220e61a93d3733529a29b42ecbd3b64a1ae
  .git/objects/38/05f6231683db297673104918eb4af403cc6ee2
  .git/objects/38/e384f973813cf715b98e18f3a232585627d37d
  .git/objects/39/06fa256e1ae330e3bd5ee7238555c3562d8a31
  .git/objects/39/7acabd01687b8fd6256f0106dd477f15ec3576
  .git/objects/3a/606c4be8d0e0377d28ef7d88c056da958bd0bd
  .git/objects/3a/7a0b232f4c4c69ded9c3c45426e2ff2500dd94
  .git/objects/3a/a691c399051f69b668cd6f28f8081cb0f0a336
  .git/objects/3a/e304bc5501b17c5b6dea9642e83a23b853c543
  .git/objects/3b/9ab7b9755a0053a3393d7267f96f2a5cb5d8e9
  .git/objects/3b/e50b339ae100e9468035de8cdddaf2a808c7e3
  .git/objects/3b/f62df13db0bf86ad95c4c0423a0bedd28745c5
  .git/objects/3c/29166512073d6bb35d85964555419d3d5c988e
  .git/objects/3c/482e5bb312bff2bda01b37e725c737a0744128
  .git/objects/3d/15ccfdf0d009ea7f3c4d1884177ec884f58801
  .git/objects/3d/cc5faf5a4a49f8d70ab39b713da1894a99f2f1
  .git/objects/3d/ccd731726d7faa8b29d8d7dba3b981a53ca497
  .git/objects/3e/0e4e2d7763fdf426a6313c37a552d066a464d2
  .git/objects/3e/7557f950e92f97fb7955c239601daaa0c35fa5
  .git/objects/3e/7623a8982ff5dceece849e7f8a84acaeb7e282
  .git/objects/3e/abd587908e23f43439e4628a4ee66fcaceaa38
  .git/objects/3f/5ac48e0afa3132c3518a0e1cae15c3c576f91b
  .git/objects/3f/b87daea7a2f5e5590af1be07b66df5c0e096af
  .git/objects/40/48c460069d700e6a0213da2a12a40cf8168c0a
  .git/objects/40/b1047214233b37c59a72cf6625ca83fb36318e
  .git/objects/41/0ea279baa30cf3860100e0caf84fa65e67db14
  .git/objects/41/7c5c4eb7939ef917bdb8e99239758be24a9e1f
  .git/objects/41/8be181d88dd24ed3bc8122e10221f59086a3ef
  .git/objects/41/d3c0d97be849c06ee01710082ac0707bbc0ff9
  .git/objects/42/19d71d65bd2958cdfd1cbb0111f02d251a1ab7
  .git/objects/42/25bec2028133e179641d98b3725bffaa4656f9
  .git/objects/42/35b58fe08b260af7be2aff8b694b707bd6d13c
  .git/objects/42/5b2403160b042505cbd9b76dc185dd691d4225
  .git/objects/42/87d280c266ca33e102a3d5dcaa6d44494e9e2c
  .git/objects/42/aa98c1e7ec607a463fac213948ad92f59f1c1f
  .git/objects/43/400c83918502de5b99ba886813824ab9be002c
  .git/objects/43/76debe35cc06d8682627ccd00f231f85d955e8
  .git/objects/43/ebf49943ab52d13fd81d16e2aaea11226e4212
  .git/objects/44/55a69e0872cd12e633e5f703045ccb4255615b
  .git/objects/44/61e5c9038d6f310f42de0850007907b668b6d7
  .git/objects/44/779b2e716d745340ae0eb946f30a7cf0d95e27
  .git/objects/45/246d547c2b67b71dcc96e395fc7028dc500e7e
  .git/objects/45/588cc23edf8b09be2e2d38b6860f19283bc466
  .git/objects/45/7c962696b8c7e52b05bb7adeb25e3d0df119e8
  .git/objects/45/98d44575c68e89f785cf8b7cdb146322596c6d
  .git/objects/46/5de178e24632372fbb88e6dc4a03ac3d47a2a3
  .git/objects/46/727c5c41333ca2497d037e910cfa774bb5640d
  .git/objects/46/9620d3b387b4d6431ffae9b22cbdf3d51981e9
  .git/objects/47/1b853214d55bf1c57c0f966997315fb09a89f2
  .git/objects/47/576c8834281eda56f16528fee47a0acb0b4dee
  .git/objects/47/a57c29c6c61a21e5c29cabb43b9dc05c37b21c
  .git/objects/47/b340a0678fa32347eedd5f177448c7b68615d2
  .git/objects/47/e833ac05ba156ae3fa7f9f273e1d0624674e37
  .git/objects/47/f73a9baf3161db336dbe0dc66343f3ef147cee
  .git/objects/48/602e458cd7158daf3784283c5fd9c3cf463769
  .git/objects/48/9812de2a86fcbcfe7b6e4a961bd08de448d867
  .git/objects/48/b9552c745ef119196e1a814703f454ea57f047
  .git/objects/49/0d97b0bdf192be88d55ba37e13a86f1c49fc91
  .git/objects/49/77f147dbfd5a91e2a885f8bfc65f8d1fce162b
  .git/objects/49/8f4be06dc0ecc00162c43cdaa65841cea5dff8
  .git/objects/49/e991b258b177ac5afdde1068938b8433a459dc
  .git/objects/4a/51ca2754bb3fa7892af8bce7c64a9b68da5685
  .git/objects/4a/75e4dc8004c1b1b44a9e48d3b600638a843c57
  .git/objects/4a/adb713ae39cfd5ae0a789d35664569eaf256a7
  .git/objects/4a/e66069b93f056095ca02adb1ad0fa88e69a2f8
  .git/objects/4b/1e2c2fd323578fd5de10e236df18de8f5b4174
  .git/objects/4b/2f70eb8d295fbc47379b41d1792043ce7ade92
  .git/objects/4b/7eb1782ac5ea40e5677010972aff605ce9e2ae
  .git/objects/4b/8f096a7ee8f0b5a881747d2731e092e2cd03fa
  .git/objects/4b/b7ee9b0268a392dec65ca1ee8fd64965912322
  .git/objects/4b/bc10088f7771833a21586b9543b8df301f419a
  .git/objects/4c/1b360efc5e6ec8adbbb24edf98f067559eb9d1
  .git/objects/4c/3891200cd3a45a5ec2b9f350518d9d709eda22
  .git/objects/4c/40a86ef9ef349932e964d1b31e61edaf8af89f
  .git/objects/4c/477fb253829c827bcab6c3bb4c1c1cfb424aff
  .git/objects/4c/aa102b1337cae529d03337ea5fe6f7a4f72afa
  .git/objects/4e/0902fc58132cf1a55eb1dc604bece1df024f98
  .git/objects/4e/45496c50914a5aebe45399c1167a74864a860e
  .git/objects/4e/4f1cfbf27cba533597930f93fccd17c384a98a
  .git/objects/4e/5f117f3674e435ffb17bf2cca2682428e8036d
  .git/objects/4e/60f722674167e75b3d6e6b61915a693658d944
  .git/objects/4e/ada2e0d15a7a3a2677f44729a9bbfd1176b08d
  .git/objects/4f/3047bbb185ada0674b4eeebf37c789a602ddc1
  .git/objects/4f/6345ad4f633f2fa640a49bbc4e15113770d380
  .git/objects/4f/85df0d231c6ef9d2590cf2c8669a59e98ca4f8
  .git/objects/4f/8c133fca2bf32cdc3551c7724dc554c43ed510
  .git/objects/4f/a54f59b041d830eb25490341727e0d0ef4808f
  .git/objects/50/049947e627a29f5b077cb719b0c1a7874bb75a
  .git/objects/50/4364a51100ed826d9a500395be2b6efc12a76b
  .git/objects/50/9c0ccfc90c206311b86261081d8454731ac93a
  .git/objects/51/4aea2d0797cac958b2622b7207f5149373df32
  .git/objects/51/75a4584d49e3c4a6d6bdef86becd2eca946c42
  .git/objects/51/997371b622aa88b28724917f27615478228ee1
  .git/objects/51/a9376dbdfdbb8f26e93a431fd8aad052ce18c2
  .git/objects/53/4bb14e1cbbe03716fdb8856e32c31db340bdcc
  .git/objects/53/8cf55926a807c20955d0fb4b558529c5b90c68
  .git/objects/53/f364b2d47882d771c1b27913963cb96bcb6639
  .git/objects/54/43b2240cd39f27d39d6cc46f2bd174f7d1a1c1
  .git/objects/54/820e7d01c719b621d4aff9c5c2dd7822bd1d5a
  .git/objects/54/da8723ca04dd0c263a14c47130aad412dd61c7
  .git/objects/54/f7a110642bd7b85e8ddf39e1dad1cf7907da44
  .git/objects/55/3f9b0d174959013eba38fac35c91cce0bc3577
  .git/objects/55/550c04390c85517409a2dcf9659f1f89ea0372
  .git/objects/55/c36fefe55c6f9720bfc6e68388a9c90a9f6ea7
  .git/objects/56/0b961094a56ef50e5e63d0c4bb5f5995bfad9d
  .git/objects/56/3cc64c58f91522d7dd01409c25f07a0811509a
  .git/objects/56/41a2211158f566fe49ba1acd6ce89b4cceab8b
  .git/objects/56/51fc82f4b6677bc9c33d7a0dfb946065e99c6a
  .git/objects/56/5c90e56cdacb1084b6895505947393f788d3e1
  .git/objects/56/9988bd730d67e29190c0c3a06be91c3a7629b5
  .git/objects/56/aa5df3683d30eea2f4ff238505389faa792b1e
  .git/objects/57/2ecf299f7a70ad883c727fe90fa3de91b65036
  .git/objects/57/3541ac9702dd3969c9bc859d2b91ec1f7e6e56
  .git/objects/57/7f62f0c1677b5a4340373c47c9f2b4921155ed
  .git/objects/57/b2c696cff44a21eadab6b49e765c1bf88ec909
  .git/objects/57/bc2dcf79ae7aa43d7a45c67939161cb3347103
  .git/objects/57/c47bc3302b393fe5773904d950e77f2445e019
  .git/objects/58/806c5627f77b9193dc93095cc36d8fc9e22771
  .git/objects/58/e316fc3ad451c22e77f285585fb0937a5b3fc4
  .git/objects/59/19245838567c38f63bf1886ef1afff9a254967
  .git/objects/59/a094f0b41005d5ad9742cfc8a788e615774952
  .git/objects/59/a51813d3d79174b51bfd33d8d4cb96d0cdf329
  .git/objects/59/a8997699f419f588bb57a82f5be0f5d9146969
  .git/objects/5a/2783dce1c2d56e588a3ffcadbd6d9403132625
  .git/objects/5a/3ac29f1e60aa96e21ef558f55574931059be8d
  .git/objects/5a/51a2f9d33962d8d8a7e703185c5e493de23cbf
  .git/objects/5a/7c0a7e2f31a9ce15c180d84e46584f8cf430f7
  .git/objects/5a/d5d085cdca72cdb46c6d4665441a38fd31df6f
  .git/objects/5b/bd584d7836112dd86f7c9456e05a2a7166271e
  .git/objects/5c/2a0657a71a8530cb59ae238718afaa688c684d
  .git/objects/5c/42c5b352a80b482d66efbd75662da24f221c2d
  .git/objects/5c/95c0f65c9a370b2a4ca31243adc0daad5dbf7e
  .git/objects/5c/994716bcd7003231cb69afe7cf403478684a80
  .git/objects/5c/ed66a90f1c7efdab6d1a1b4abec1879b59cc02
  .git/objects/5d/2ab642651d41be80de7ffda8626d82e47541bb
  .git/objects/5d/9bdf9c533cdabafd35142df562ddf4b0d1d008
  .git/objects/5d/dc67c1c9e22290bda6b69b88f1efdc898d0e9f
  .git/objects/5d/fecd41b41bda2f6089dd6b525a2bfaa55a9cf6
  .git/objects/5e/36b0a66ddecabff377c2acecb08b25fc45b4f9
  .git/objects/5e/d528472530be1a5403bef8c56cb2c70bd8459c
  .git/objects/5f/20489edcbd73dcf9e8d2040878a849fd7702aa
  .git/objects/5f/54c83994bee1aa13c1fcd06f14e0abfb2af48d
  .git/objects/5f/63639e071b6eb8133f13e90e127061ba86de01
  .git/objects/60/b34b74c20b8ba44e1585bdb6f608954eaf9ed6
  .git/objects/61/094123a734b527f709a6c7ea62e012b7330e93
  .git/objects/61/66d011617c6234fd339dd87d7dedf33b959d5d
  .git/objects/62/0ba2ee72db0127db733808708318ddf05ec240
  .git/objects/62/af79d713b873180840327b1a2d74ff05c895c3
  .git/objects/62/b4cf96156973cc2e27e6dfcb42016a48769a8e
  .git/objects/63/1a7610472159bd6d462c326f605a660144a9ee
  .git/objects/63/1bd4fe958fc71b4ef67fd61f1b1c17924b81a5
  .git/objects/63/5e2e029c16e2e51eac26c582240c681dff690b
  .git/objects/63/7bb7a117abc40a04eecc4e8212c5c8998ff61a
  .git/objects/64/25e9529a63da8cb2f99bcab8ead6b0c29f8352
  .git/objects/64/5c35de112efec4a95421f89990022b33692e5b
  .git/objects/64/b188e25c24fab4cede98ac6242dc8b01727b85
  .git/objects/64/b3085419bd9810ece002c42ff044946f723199
  .git/objects/65/243b96b3bc8b99a38cc1f3eb28388eecb40bdd
  .git/objects/65/587b286218a88bdbbd943a84e81c548eb23ea4
  .git/objects/65/9ddde3db610569c4712471fe03a4d60826774d
  .git/objects/65/a2101a4d8194a4fea7709240579b9e535c35aa
  .git/objects/66/542bbffdc067e9067f2a6d491f019f1bb443c3
  .git/objects/66/6e774cd2d0a483103e1ede13966637a18571a5
  .git/objects/66/d838ec0b58f85efefdd829024bd3a9b6007e3e
  .git/objects/66/da374550e9f00b9354393790b7f8456f41bd3f
  .git/objects/67/6594379747e179fa1f7f53b98f72a8053cacb4
  .git/objects/67/f3f93e95b231cc68f5c2ad55d99926cfd0d285
  .git/objects/68/0a8c55e48b16f7c2f1d3e0117c07163c362f97
  .git/objects/68/0dc94fcfcd453136fb6b6332d0bf968dbd702e
  .git/objects/68/0f62b9251a4910b81d411b7b75a56d0e8afa5c
  .git/objects/68/1b28cff06db0392eebe9de211ddf7c2b77daa1
  .git/objects/68/257ee4a8a3e3145090154cd93fb601a1ca2666
  .git/objects/68/59068b03bb5bc12c9063b976c5921d7ef8a85d
  .git/objects/68/cf5b3ce1aaee57ed5237c913d5d531a69c4d5e
  .git/objects/69/481846e33baee4be8eb03f59b8533f92800ab3
  .git/objects/69/7fa33556a0310191bd259b0f835bac6dd6d07a
  .git/objects/69/d0c78a8ae846248bdfe8e3ad8355180e36ed6f
  .git/objects/6a/33d12352c900e3c47ac7fa61e4f53946aa9877
  .git/objects/6a/3d18e80c3103b14d035d2815466310681b0fac
  .git/objects/6a/4493de9992a5366f12e4997cd12dffeb2adcde
  .git/objects/6a/dc1722db0de7fe340043fb54b2b3ccda869c6b
  .git/objects/6a/f4af146410df491b01ee8f74937369fa12f27c
  .git/objects/6b/838ff6c06d123d19cd2145c22bfc58087d0f3f
  .git/objects/6b/9b07c52158f81d14b29fd201067491b100b020
  .git/objects/6b/cb8a9f2a0aaba70cf4ba1e6595732f1fc392f0
  .git/objects/6b/eca3ba9fb3e22674ddf00e6098c0fb27436312
  .git/objects/6d/2fce351fa1ffbd10d7c58d8efa3893b98bc548
  .git/objects/6d/871b7372b48ad0c4757ca62d9375cad7f4259c
  .git/objects/6d/bef00d62c6984308d19264cef02b4b5b8884ad
  .git/objects/6e/45dc4f2fc71237f88bbb6844c859084c27f6c1
  .git/objects/6e/8678c86f319d2481df1480aed336f04e8a9479
  .git/objects/6f/2ddfa019d0fc26c016719765cc4bf832d09838
  .git/objects/6f/3cc0eac362adc9f7589d8ed5d201e705434a30
  .git/objects/6f/bcd8a33fe6f0e67f0f63ae7ffcb89bda66d5d7
  .git/objects/6f/cba727b76b2eb3f763f4cde716dd0bb38dcd46
  .git/objects/70/67dee55e4928277617ab94c79c9d35f5e7b7e2
  .git/objects/70/91986b10ee2f635caec1219a1a4d8242553586
  .git/objects/71/281073d4dccc90cd7dc8141a66f22037dcefb4
  .git/objects/71/e30dc72a80a8d5346b35435ec0457fa4cf9891
  .git/objects/72/04f998ceb5b278f237380d2927fda4b41d2feb
  .git/objects/72/2597687ac17351058cc861aa0f7413385c3c05
  .git/objects/72/2faa803f6df8628261ccd5da97b74fa64c0114
  .git/objects/72/6d2f6c024fbb7c68d9441e9d530d5f3a2c78dd
  .git/objects/72/dd3fc8ccf68e5d20d37b0e60ad5851195ffaf9
  .git/objects/73/2387331c4cf649e887ff1160a7f84b2cbf00a8
  .git/objects/73/7d59800a36d8f7a2e787ad64ec94684f1ce2a1
  .git/objects/73/fb7eda676fa60853c13c72a6d37561c604a664
  .git/objects/74/645764b73681b885288826e1260d6a9d728e81
  .git/objects/74/7599c3d7e8a61f09ad0198160a490e7f92c3c6
  .git/objects/75/25cc6dfb073752e185cebb51241ca36a58dd58
  .git/objects/75/5bab952dea64acd073afa71f7b163c5f82f604
  .git/objects/76/ce4a2cd5af2718ec85634667d52bd4225387cf
  .git/objects/76/ef493ea249f872cfe86ed630fcc4544219b9c5
  .git/objects/77/2bc1dbb7eb0b26cb010459a1566d81013a6d60
  .git/objects/77/688e5c861032be84fb066a96a45ada3347f176
  .git/objects/77/9303467324b0811ae6ffe9b8d9d675d5f3f481
  .git/objects/77/e6da2a9f94b8d7aec7bc524aa2b11e9dc7c0f3
  .git/objects/78/18c39574b833979a5ab3e3af804032905d5234
  .git/objects/78/6ad1f951804095b998021e5f29554f3aa9c28d
  .git/objects/78/abfcff446bbc87262b7f85279e826fecfd258c
  .git/objects/78/bd9e959c2af9f5f27f927bec58f3233f8ed53b
  .git/objects/78/e0b25ae3e4d92f4383960afdd2b02e464e83b4
  .git/objects/79/2a87ae23d40a2c8bedaf85d78f8d87a587044e
  .git/objects/79/e82b77d7f0633b92b7768af5930312df10244f
  .git/objects/7a/89fd5542140663906e15d80e86e3fff333bf9e
  .git/objects/7a/a270d21434354f50be82c61a02bcec52a4f5cd
  .git/objects/7b/2845718117066f97e377b79c18792bb28830e9
  .git/objects/7b/74ea49819d7670010603d2f46718624789f72c
  .git/objects/7b/f2b2659d74997b649f564114c412c5d442e140
  .git/objects/7c/1a870db571856ef68847b5685411d6fdbe63a7
  .git/objects/7c/38d29e42eceb1aa69c4e47a58c17f08271aa88
  .git/objects/7c/7e4854f0a6daf81fbdf4886ccdc3325f4b27bf
  .git/objects/7c/aba1e0c418490d9c90e14f12b74d44f60e1b16
  .git/objects/7c/cd2bc753c46fa7e52d227eb3ac39dcfcd00813
  .git/objects/7d/0c60aa32e464f1774c882848413d27cd034f8e
  .git/objects/7d/7ee441523c8a621d91bf7e6b9391c2f99e38fb
  .git/objects/7d/b6a6aa36dc991a7591fa8b9920696b71c2f935
  .git/objects/7d/f381df9b3569b530d50942669d90430bcf2e8f
  .git/objects/7e/024a73082e39c50554ed00ce05e7e52142688f
  .git/objects/7e/3d3ca7812ec8d6417a7cc85f0e2477f1e7bc18
  .git/objects/7e/4262aecf0b665410009d61c34bf2d5f040fa68
  .git/objects/7e/59d6836f21ef14b898f742f7ceb2feee295ae9
  .git/objects/7e/81aa20f1b00dfbd97581aff635932eaaff52b3
  .git/objects/7e/95f6e82b7fda3db4fe889a24408fc330468316
  .git/objects/7e/c6dea2b421be15099b5c7074f19c56f21b99cc
  .git/objects/7e/fc2ac797aa6ec29cb011191373b3bb5242b74f
  .git/objects/7f/595718e78ec69b17a299cec46935757ce0d369
  .git/objects/7f/a5f73d99add8916b7ca08384a49a58bd222723
  .git/objects/7f/bf653ff084996481b0d70a86cd5f81d18573ac
  .git/objects/7f/d598f1e54f41051aaf41087aae763386693ec3
  .git/objects/80/3d239915486ceba29c7e6d8c882d29c1004f7e
  .git/objects/80/6b95cd856ae4693595f2c88fadfe0fca8cd912
  .git/objects/80/c4aa8275131f6634bfea288e9850f58ea395e4
  .git/objects/80/df35f3764fc18600c54f7f7433583afc5c4dda
  .git/objects/81/58c85b54b176974be0e7a5670028ab13647cb3
  .git/objects/81/a3a5939f0c499e67c7ed435cb52fb861f2aa7a
  .git/objects/82/181b1bd7cb67a1bd5629b259007033f84a2a03
  .git/objects/82/5b7d415d0b40ee0ca9e390d6b875cae5b6c696
  .git/objects/82/9d426fd4e4efdab8072590d0dd0fc9133cf733
  .git/objects/82/b4b36d2d84edbffbc87c0b116eb83b3eda6dc2
  .git/objects/82/c9b0377d46eb942cdc3cd1dbb03d548bba0b79
  .git/objects/83/76b968a150f961c4df0ef957df76891da99327
  .git/objects/84/259e04591f0d86137b38187896080e12266dc9
  .git/objects/84/3e45f0be73bec10e5fd4f7aa006dfe438c5a0a
  .git/objects/84/456d19b537ba943a145e6b1e13d840c5fa5e01
  .git/objects/84/8a6161bc785b4c38ff65072765f41bcf18b235
  .git/objects/84/8fafd1bd1e580156a76321d38d1fb7178ab152
  .git/objects/84/f18b41a4cbc9023f350ce98758942b815cacd8
  .git/objects/84/f622d2a268821c901f7e45bbe731f798f49351
  .git/objects/85/58e26c9eb4e027b6bcf85f9e7e46c13f815d4c
  .git/objects/86/3e9b4c7bb7609bb1b36db6b89b5f4183da42f0
  .git/objects/86/866dd704fbe5b229c15ba1fa9fcc46ce36e4a9
  .git/objects/87/def31e49dd468e6e88e5fa1332b1c36c98004c
  .git/objects/88/9fcd23ff0455cac288cb8c44298744b6d56b49
  .git/objects/88/c218575dcbc8d3c56c9f4c03a23d1d14d554a1
  .git/objects/89/44363721859343272ec61ac55043848018b318
  .git/objects/8a/4eead57de7c939fc0a84006cd8d642feae60d2
  .git/objects/8a/6369fdce94807fc61995c523926102ae346bdd
  .git/objects/8b/137891791fe96927ad78e64b0aad7bded08bdc
  .git/objects/8b/2e4131cadfa3b12358a857c0afffeb8b206dba
  .git/objects/8b/647b934b83fb942dfa5cdb6ef5cff170a31132
  .git/objects/8b/f3d4cf35ba40919867b96ad5f9d792069f49f1
  .git/objects/8c/336b91c6b58bfa5559330f1de70fdd92d01555
  .git/objects/8c/6bc2a16238cfb58dc0d7a758f2db739f780104
  .git/objects/8c/71f8952997a739660fe43c21e8bb828e343527
  .git/objects/8c/95e6344239ad636dfca7b426920172792126f7
  .git/objects/8c/df4fb2fdbac37a8a09ef02ad727d8a7772c3e9
  .git/objects/8c/f75f8d300464eac4c06ca864e7caa535722d72
  .git/objects/8d/4b071cb9cbf21eb8d130daddfc9a350925047e
  .git/objects/8d/c64e43c8cf6aef092b750af337d91ade2dd104
  .git/objects/8d/dd88891db7d54cdcace5ef8aca08e1a4f5655f
  .git/objects/8e/2c28310ef905c2d5b63b6afe4b345bf4712322
  .git/objects/8f/ba9910daeecd56e013799b7501ac79bc867188
  .git/objects/90/45f80f0fcf1a0d6e52be2a21ea0e5a01870837
  .git/objects/90/4d9d747e0dc1d10654775e5d7e96b7d111aa9b
  .git/objects/90/500852532e6809c5b197a7cf354e4debb4ade5
  .git/objects/90/742b30faf82454f9d1a6d75bba516309a7be04
  .git/objects/90/a4d2d1a65d2ad56d2561a646eab88f58032cd5
  .git/objects/91/26ccb18eedcbca2882bf4e3ed2365ed8bfb553
  .git/objects/91/31d6ea902fcf258a0f1b88a6d2d647d544f83d
  .git/objects/91/55f597fe1758c3d945819a0c3cc7e2fb7330ce
  .git/objects/91/b257138052d0816958395d6eeecf6d7e01d762
  .git/objects/92/0a1396648024dd8985b3cafa24d7156e3b2610
  .git/objects/92/18278b6342de7675528a4fdab0ddc773af9c03
  .git/objects/92/21944e4848b90b8e0688a47e248df7748f5fce
  .git/objects/92/62a6123eed38099e4a7235716280dd34543db9
  .git/objects/92/8cb5c90f090e2f39489b18bed41c31fc53244b
  .git/objects/93/bb4cdac0cee70d9f76b2c97ff3a70ce42b2f9f
  .git/objects/93/e378d26320639e87436c06fe96159b66045745
  .git/objects/93/fb8cf7233b38ba642602425a53a5e7851014d8
  .git/objects/95/1fbffd7704e7dc6d0b808a19dbfe20d24db6a9
  .git/objects/95/24d66b2dd2b723b2e97027e01b97cb1d0cb93a
  .git/objects/95/4eff55cde09cd8ba138750113454cabf921733
  .git/objects/95/870ee210db72b6e42c96c2208caab1664c4dd3
  .git/objects/96/bd28b75acd89b457406dcf1af194aeafe7dbaf
  .git/objects/96/d610a513eb6187b23fd2c6a541a35b74f954c8
  .git/objects/97/b1a3b060717396c29b17f87e7f23573dad83b5
  .git/objects/97/f77ea1190d3b211f6179ea30fc406f6dddd5b7
  .git/objects/98/06200a7c8295a4259e11c803425ef99ddaca9d
  .git/objects/98/75d1a4a06c8f7260bb9161f24c26e344fc2e6b
  .git/objects/98/8634ac7703bdfddc7d83dea39f7689b283b218
  .git/objects/98/96fcc39a6e5bd5e2b2ddbf8e6ec79c1ace41b6
  .git/objects/98/9dbc03713d501a0f30a7fe4b0411e95dd4338e
  .git/objects/98/a959cf73f00430be3e256afffd62b9bf4adebb
  .git/objects/98/d205154eec51b911733c104c1b55de2cd59001
  .git/objects/99/0d9bf3d8797c0c9ad4c85e0791f22fa7711534
  .git/objects/99/278611c4336caa4f715f549044e98cce15b76f
  .git/objects/99/6f7789e11c728d6ab3105cd4a1e6b6afc3afdc
  .git/objects/99/858f5597c428b1f97992e82c97737ed12ae25c
  .git/objects/99/9b33f715b223e98488ef3b549cbf0fdde028c3
  .git/objects/99/a0d45515d4b37701caa409a2e32494d616ee0b
  .git/objects/99/b16629cfadfc40ab8056d85d3bfebdd22a05b9
  .git/objects/9a/09943a29ec8a8c2b5b3a9e95962f6f653c724d
  .git/objects/9a/16c8e6b554183ac4ece8aafa2f3f767c4aa4d0
  .git/objects/9a/86dadecd8ed729cca4508e56ff1cafa5d492bf
  .git/objects/9a/ef56bb1aed1228823cebf2621d6289a54d4683
  .git/objects/9b/816af936e62b23dc3b420f16482a85e8ca4d64
  .git/objects/9b/a6651d9a4aa325b609471f7f69fff4a79c002b
  .git/objects/9b/f3e970011540b58658f042943e29815daad5e2
  .git/objects/9c/149b657b206f3f0b75b5e63bcd69fc49e9fee0
  .git/objects/9c/1f7c9f0ac664fe63e9d791a8634ed1312310ba
  .git/objects/9c/4be424a8624f70c7bbb583eeb62af04dd6dbe4
  .git/objects/9c/7fed3493c23c388f07e679eb89e9ee45243fe5
  .git/objects/9c/8b6e35d3913dae7174921e143915bb58a8f1db
  .git/objects/9c/c3b897269a3d8861a470f01c3b308a3a1ad51a
  .git/objects/9c/c405d77a2ac4b338e94b409831ac4d44c42d1f
  .git/objects/9d/00378daf038830a9042e59ccf1d1af750f72d8
  .git/objects/9d/53a6b7d8059e3c556c5dd917a5c81c23dc11f5
  .git/objects/9e/1486c972d28c21f64886367b8fcf1d8838c981
  .git/objects/9e/338edb711acc17b9acc7717e1c27e7b9a611dd
  .git/objects/9e/5fb8489d1daaf46fb5abc5404fa143c610f611
  .git/objects/9e/95c7b793de2e08a0eb54987eb797bee42a3a9c
  .git/objects/9f/b2f591fa3ee21c328989b23874563e6c96801d
  .git/objects/9f/b51f2d14af79c6ed649b669c5c973ff05814fb
  .git/objects/9f/d86fb42cdcfe7895933ebd66381caf5cabcd6f
  .git/objects/9f/f3acb71e29d4aae55f013cd9e2d21798fbb219
  .git/objects/a0/2658bcbdd559b2804192fb8fb115efabed5a00
  .git/objects/a0/67dc622957d919e67555bbc4ccabf48dd2792b
  .git/objects/a0/9bbe0c6c58dce5ee9f2e19c0f882ca88f33c21
  .git/objects/a2/324cec726cf382702357f0cd50c1d33f5266fb
  .git/objects/a2/33f7d924ddbcfd50e61dd2fd6ef734fc6db2de
  .git/objects/a2/94f4f6615e5e4921aea7607a2661168bc4ab9a
  .git/objects/a2/981ec5b6925d810d0a5bc2d034de9aef59cded
  .git/objects/a2/bd5322ae250df9e3cf193b2ffd0b2ab7e360fb
  .git/objects/a3/06380d299e32e7ce2d6c78f561f03af5819964
  .git/objects/a3/86c1a3a8f7863cb4d40edb26276bcd4cd5a307
  .git/objects/a4/10630a11026387a9ec83345fe284a4a8f84fcc
  .git/objects/a4/2943e8dfd080c27ba76bd345b8ebe8881aef35
  .git/objects/a4/9ad2a57003500ba74302f2274a70a6a87a31dd
  .git/objects/a4/aeda95154d1f3c99372bf4a145ed15f3013892
  .git/objects/a4/b9786f7d5b6d76c2d227789ffd98dfab633535
  .git/objects/a5/42ec2cb29b6436864ecf015c4633a7a6685577
  .git/objects/a5/4d76087673edf88345262dbfa5d08da849af4f
  .git/objects/a5/cc88f9205df93ea5eb9699c5c023eab0376796
  .git/objects/a6/37aa4d5ac186dcaaba489f9849f5e4277e01f1
  .git/objects/a6/68b2cd327c274909b56a58848e39583f7e43b8
  .git/objects/a6/707410ad052062126c245f70de6635546f3f44
  .git/objects/a6/83f6cfbe08603e6b52598490d0115cb20ef257
  .git/objects/a6/885cc792785fd71e0ea6bdbca8327cedb2a9fb
  .git/objects/a6/9f31d643f558ec58208d7054585005374a1eaf
  .git/objects/a7/0c14488a5b29643d7e452cd747ad7a2b0685d9
  .git/objects/a7/79e45a76006a30d38e74842c92da9ace662c95
  .git/objects/a7/b74bedd89d35614e95cc4e41aa39d4d1e10ed4
  .git/objects/a8/2d8386abf8de9ff717b19b83542d6524c86197
  .git/objects/a8/ca738876830779aa6a8674a752798611c8385e
  .git/objects/a8/fa06e1be7da01425d2be19da24595de2fa02c2
  .git/objects/a9/6cd6fac40eb4dc44b457d4e5bb5946e55b7544
  .git/objects/a9/76d6a47474a304142290a41be1580f44879b64
  .git/objects/aa/0bb93e2a703068a76eac007d949908337ffb65
  .git/objects/aa/3cdf7145ecd99949a658b353dddc8e8561670b
  .git/objects/aa/8c77b3ea8621f95b0341268fe81817d236a693
  .git/objects/ab/758a8c20df3af6ec30d50bc481996354b6c3a6
  .git/objects/ab/7751f99d895e87a1d1cbbaded53d75c406095f
  .git/objects/ab/9c9c97cb14b4b3c7d77085d2e3087138bb38a2
  .git/objects/ab/f65e6f7c2ee32a5edeac5d77d49c9063807bc2
  .git/objects/ac/198970a57cdba1b3fe56ebcf534f181423cc0f
  .git/objects/ac/1b43b26a6ea4a2d68c640a47d5d98d8697397b
  .git/objects/ac/83b6c47688b11063713f90481337e741fc3c5c
  .git/objects/ad/03d374ac62d6da89b1ea8624e41175a471d066
  .git/objects/ad/6a97e1390f07b64ed5522abc2ccad8569ae6db
  .git/objects/ad/6f763cf00f835c4d7ce4ffda014f7b81624b89
  .git/objects/ad/b252a6c3372bfbf43181270683accebe7e21d2
  .git/objects/ad/c3db1e9dc4460e45877eb21003566f255f066d
  .git/objects/ad/fde824f52bcbba18bd9f5e6a271c0e8d9eceb5
  .git/objects/ae/2cd78ca77634a4c24df4471eb9bd60579c6758
  .git/objects/ae/4ac428dfa543b32a59200d21634373947caf66
  .git/objects/ae/4ada8136baa3d188d30933ac418cb5d4b7a527
  .git/objects/af/213c3474a9b057e244a9979772a94b2a0b0e9a
  .git/objects/af/3f2cbdebb035467237c677ac9d5fc84d21655e
  .git/objects/af/4ac783d39322d278cbb58352edebe046e67675
  .git/objects/af/7d6206dd0eb1c599e97d1299535414336c4176
  .git/objects/af/bc86dfc9bc6677ace91d6574ba8b16c6060696
  .git/objects/b0/2989ea1e5598276269215432885f89a7fc74b4
  .git/objects/b0/85f2372835a3b4d7cbd8051fd75233449c7bce
  .git/objects/b0/89172b5ea632a26a040036e4f931cf5de24d69
  .git/objects/b0/edb1fe8534fa903a70edb959d2661a7b7efea0
  .git/objects/b1/2ef61bd399f69dc50a4f4a640db57d34d20635
  .git/objects/b1/5523ea2dd623043faf9653be245a3670b0cbf7
  .git/objects/b1/5f88edf710e4ea2ee7f56c11a7e1e60c36b9aa
  .git/objects/b1/acf8348c628cd04298a13960b808ac859353a9
  .git/objects/b2/00a51f94f3cdf3c59d47a9fbacbfec9f4fda35
  .git/objects/b2/37c19569c8b6f16a6edeeeea9fb46675aa2d58
  .git/objects/b2/38f68c1b33f2b8e1bcb02c742cfde16d311edf
  .git/objects/b3/1e30a400d6e3845d8d34003c61140e0215f7e1
  .git/objects/b4/131f2a8692487fc019e48f645fecb95760cbe8
  .git/objects/b4/71e68a0caf69aa1ea56a31355bf2090d48de9b
  .git/objects/b5/26cd43b6b1e5ebbe369e57b1d58e5f7b0416e6
  .git/objects/b6/0a22a33462718a8a237319d6705f3464c8a3c8
  .git/objects/b6/3cb33537edb4f2ce1fabb269ad879f5d581c8e
  .git/objects/b7/46bc9b558e756a144637c85438818d5be285cf
  .git/objects/b7/e3fa957ec1fb0bd64937caf1a7c916c14871c7
  .git/objects/b7/e87c236b998d53a7043f99d9a5ae4a43cfedaf
  .git/objects/b8/4ee2c12032ee380f0df7bba11a0f3c5492d300
  .git/objects/b8/514016d305e5f69e6fd3f16c1ff744654fdf73
  .git/objects/b8/59b9b01afc995480fb5308f04598982f677009
  .git/objects/b8/60d4812e93ed8445219540cc89c2723e4c4e6a
  .git/objects/b8/626c4cff2849624fb67f87cd0ad72b163671ad
  .git/objects/b8/7af9bd287860f53b294f4bc4e415097f941cc0
  .git/objects/b9/22128446a01f1e1bbedc6f2bc6c2b54a4e1344
  .git/objects/b9/6a3f0c7f619b34c56cdcb7a847ac567867e9cb
  .git/objects/b9/a6f4986a1c4511c96c11ac4c2ebc1d537acfc3
  .git/objects/b9/badd37ce6d2e0653749d9731b15bb2ce032655
  .git/objects/ba/0debef68d953f09b86328c76d20cf306fc939f
  .git/objects/ba/47db7266902fb2d6e9742043a55a6b3ad0be67
  .git/objects/ba/601ac5e22590e370f133be9be1e8759d727f51
  .git/objects/ba/7753b2f964d0d380770d10bebae2dcf7552b26
  .git/objects/ba/7e8d6451d8a5aef701e47c4e2366a7cee940f5
  .git/objects/bb/0305f23c84a844e72aff259755a3c2cf64512f
  .git/objects/bb/09bc97518c46d730bdcb654b7b97007ef5c55b
  .git/objects/bb/16c8aa281206fd9009ad1b2d4570ec61b23262
  .git/objects/bb/23a6de2b339c5574c9b55e70001c13fafdc3da
  .git/objects/bb/46d350484a580d322a3fc1c2de400cf5b0aff8
  .git/objects/bb/b9c9f3b028f31bf5ee843f4f7f9e04892e1867
  .git/objects/bc/26b516fd9b6106dab5b430d4e7e61824644e75
  .git/objects/bc/2d4912e95ee53a161f42f3b4bb7416227c1371
  .git/objects/bc/301eaf131dad6d964e0e5f9a184c68463f6359
  .git/objects/bd/1a34f86ac1fa22027a5b0e73bbee3b7de7f534
  .git/objects/bd/54f39a52fde8bf1d2054c2a31d3bf14af04f83
  .git/objects/bd/5c2326bb22e149124e086be3c4911f2db36457
  .git/objects/bd/7c8d2079483c6566c69908637b58ee96e999d8
  .git/objects/be/2405e71c9b0378b4af46a3cd524d5fcbea27a4
  .git/objects/be/661658a29c337cf0fde43bf99307c5476f9f0d
  .git/objects/be/d5406763527d65f5f2003f1c7667e2a06d64bc
  .git/objects/bf/a611042bd21851f2ffbc76b21f8a63fed8c96f
  .git/objects/bf/d0a748911c8010da7696525f580683ec1b8646
  .git/objects/c0/15c3219bb962bc59d06d28c10c34d7b2a6dd85
  .git/objects/c0/429e05c11be8d5e483ecd6c15a3721d4ca83bb
  .git/objects/c0/73efbab41f6649fe30e6012ad9e3ae9344962f
  .git/objects/c0/9ed84312428b722c30d3d74f01e5590af366de
  .git/objects/c1/4a446a920ea986b4b3740a0c04f1293c58d404
  .git/objects/c1/59f4c2ca7e43645ac700aaf643772c4657b993
  .git/objects/c1/a8792065df16bdd1a10ba46f90b540ba7b6c95
  .git/objects/c1/d6985cbe04bd10cedd6c5e28e8fb5cedeabb7c
  .git/objects/c1/dcd213a5720dfac1743cf659dee88858ec9f48
  .git/objects/c1/e1aa0dc1390ac4e569b4a6adfbece5feb3fa96
  .git/objects/c2/0639d431e36f41468018eee245d4bebde0ebb0
  .git/objects/c2/ba1faefd93292e4153e76859ae40ce5dd5acf7
  .git/objects/c3/39943c3259c221255bf93d1e4c778785c26bc1
  .git/objects/c3/9d2db191cc40db65203b6b1457a808fde72dce
  .git/objects/c3/e2293e4131988f3625b9d9f0872cfd69d40ad3
  .git/objects/c4/99b28ae23e9e340dc2adeb25a2aac20945ec12
  .git/objects/c4/ba91c4bca8c7af08791cc28f7feddffa79fb2d
  .git/objects/c4/c2251587b4d3416fc3390bf0d55518dc07812f
  .git/objects/c4/d9b47d700361b8974ac20fa36133012caaa692
  .git/objects/c4/dcd9310892b5d6ce73bd4d432f2cdb5d185b86
  .git/objects/c4/e1f86450b7967026d52bea5714324bee338c44
  .git/objects/c4/e880909792e9be8f070bfa23aaad7a83c30e0b
  .git/objects/c5/703e50c24a5dfc5cc85bd653fef4a6603fb220
  .git/objects/c5/d4ee033d155bf0c40b8e1b4a1196f6fc198e13
  .git/objects/c6/1521204d22795a41a88bc7e8bdf05389172bdd
  .git/objects/c6/1ed9d10edc1dd3d236d88194331e1cd0292316
  .git/objects/c6/27d3e87e2abb43df29d30943c998aaea4b2aa4
  .git/objects/c6/bf0f366f1e15cc480430a33d6c8a2a193a7850
  .git/objects/c6/c846ffd95be5edb73088ca66239e75e045fa3e
  .git/objects/c7/12b57440578be99bbf4b0088146311c5534773
  .git/objects/c7/2073f5b0b5aebc09bbaaeff98bfcbb59d042f3
  .git/objects/c7/7343700e1d143d4c5de497a997aa441c6e5bee
  .git/objects/c7/7da85abbba0e30aae9f87731365d4bae48c031
  .git/objects/c7/93e8c832800463e9fa7fe0ad4199ee15523522
  .git/objects/c7/a3810932ae1c1d051359d38882de62ab7ba27f
  .git/objects/c7/c45ec35cb5c9f0ca2b031b97e3ae138e063f17
  .git/objects/c8/2ab639fa47caf48ab7b59bcbcf4073b18c6971
  .git/objects/c8/a531f2b9281b7998b1edd633554bbb412e3135
  .git/objects/c9/a3dfde7d194aba94bcb4d900000ed57c3ff235
  .git/objects/ca/2bfe1a03ee5e391f51b1bc4de47114421eec98
  .git/objects/ca/b851c5d2f308274b792cd52ea774b03bcc4c09
  .git/objects/ca/b8f80505ddc5e2fef855810f75328ecc6ed738
  .git/objects/ca/c0a9bbdec3dd92caeaa2cc55564489f7d7240f
  .git/objects/ca/e94448f76d12e8d255a98d1d4644942bc54100
  .git/objects/cb/69c4baa0be86509b8ab84ead7a496a40023c96
  .git/objects/cb/6a6cac3fc14ac1772afc84c57f804ead4b8501
  .git/objects/cb/9e2c5c8ba6bc3f53db8e17073d4695c94c097a
  .git/objects/cb/a1570996219f09c445f4b06a922605d10550b3
  .git/objects/cb/bc95c602ccaf174ba119850abbcc74816392f2
  .git/objects/cb/bfdae7f02eef0b6f49c1205bcd8e0dd55cfdf2
  .git/objects/cd/5cf740e8a138ea0b23abda573a2b13dbd85674
  .git/objects/cd/772dd32441a9ccd0c11d8e4ad23c73aa85fe94
  .git/objects/cd/cb48c699816e3b7aaddca068bd1fff2109fe9e
  .git/objects/ce/022ab5d3d84759f096fb5235abb31b0dc90b1d
  .git/objects/ce/70b86ec677bd90c21dd33c9f37652097cfb156
  .git/objects/ce/89ca1dd05523ed61d38d9cc5444b8436a4796c
  .git/objects/cf/01f9010d165392c938e9117adaeffceace26c6
  .git/objects/cf/598af4ab41baaa644a464c06fab621c38b369c
  .git/objects/cf/641298a9df17d19b5cbd71b5f9027fbaeb334a
  .git/objects/cf/6d54c08069a53e8bcf0c391a3045a71cec64bd
  .git/objects/d0/02a34c73870526eb48b1dcb07f9c11b0d458cd
  .git/objects/d0/0b0f1a93954b289c3f7822eb82cca6a2390704
  .git/objects/d0/592a31f962913b686ef8aa3fdc588ed9c93328
  .git/objects/d0/dd62adaed239cfe02ad13ced305939087bfb39
  .git/objects/d2/57ea05139f3b6644e224f2b306a02166147bbc
  .git/objects/d2/6773751945d72ac7ae1828c0e2477bf43dac51
  .git/objects/d2/67dbdac5db5182dcd9c100e076cac4298959eb
  .git/objects/d3/475816ad2ce9e24cc2a294ed71f2665d1c1ea1
  .git/objects/d3/909326dbd238823cb4bcaa9bf699cbbbc104c2
  .git/objects/d3/90e626e7e98f66f99ff1983a91c709689def92
  .git/objects/d3/bb73e64a945037845ba33b5f141095b64da4b9
  .git/objects/d3/fe90e347ed7d0e860f95ebaedd19c3f07d48a1
  .git/objects/d4/25b7b02003bc400b9e7b86bf2e04e87776e8a4
  .git/objects/d4/2f9052e3d266a389357ee0b77e62c4bde58b64
  .git/objects/d4/acece00579518a05f4e65309f49aedd83cb555
  .git/objects/d5/0eab9ba0f3791a5e382bfe48da456c9b1cf7c3
  .git/objects/d5/15728b5a618c4d10ccffef4814159c2fdd79c9
  .git/objects/d5/84a1cd17c1782e899e94e3791f6ee35adea423
  .git/objects/d5/bbe8d679794393cb0b29329515ef7ae89824aa
  .git/objects/d5/d5109d7e8e76d6cb9a07780811ff4bb4e0c03c
  .git/objects/d6/610c05309998054545c9d2430e2c6c5db5908d
  .git/objects/d6/a7df6ef5492db05292d392b63ebe1778bd7be0
  .git/objects/d7/46f5e3d1797d939f7c7e2f954669d1fff06a1b
  .git/objects/d7/5017bd78d0052f38c29caff7d17078050466af
  .git/objects/d7/5da6d0abb769c83cff334ab8cbc8eb2b7a7789
  .git/objects/d8/22759f96eed2916633523f1a00a6ad4f9a939d
  .git/objects/d8/93a7034994c594d22aa6abbd03bb06748eed56
  .git/objects/d8/c204ed939b602a4bf6aba99f38a07d0963acc3
  .git/objects/d9/787ab026273827dae2d79e81f27d7426df1f79
  .git/objects/d9/b8c5c52cae57bdf840e7f7841deaece008d07e
  .git/objects/d9/c18090bf8cbc5c3f34391fa7903065434d91f8
  .git/objects/da/6ca91802f3c0521e0890f9cac510c0aec94927
  .git/objects/da/bddce0fec604a9651e9b91a0ebaf7105afae99
  .git/objects/db/ed45f9c1e012f8ad971a770874a9ef7434b47d
  .git/objects/db/f7af2f3e837574ecaa5dd8ff98273dcbed44d2
  .git/objects/dc/8214b9f5c15742775391fb5864f3867efc1648
  .git/objects/dc/e39f14429046f101aabed3472845c2668020c6
  .git/objects/dc/f628acf1369827824e712fef08850302105667
  .git/objects/dd/2c38d8e9df95b79eec8737262cff9501d2974b
  .git/objects/dd/475631baeff3ce652b97d921c1cc43c917b9e2
  .git/objects/dd/a51fbe64631df4ee04499e20275b005b426a80
  .git/objects/dd/c0251ca546102cb52831ea213f48c0c1e51967
  .git/objects/dd/cfcdf9270e9c37a66b717e3ba1be2046fdad70
  .git/objects/de/65f1e048b8108e837398d01cb738fbb3e715dc
  .git/objects/de/a176bd1f5438ebcbf1c680d474546ab2042f67
  .git/objects/de/b9b7f3d8614ed48a6ae482266078eab71693fd
  .git/objects/de/bf00182d7a2c7d226602c88b9c1de76847698c
  .git/objects/e0/446730de20878181bddcfe4f9378d61227b8b1
  .git/objects/e0/53d0256ef6b7b375275082ca137c250e21bafc
  .git/objects/e0/cb37edd74964f0f43e1c6e1a30f10559716026
  .git/objects/e0/ce7d15eec69e97b04e66a3262eaf9ba28ac87e
  .git/objects/e1/2aad675fe4bf5ff70a3223179c3c185a192657
  .git/objects/e1/9e320e9cfe263bb9a55946ae3a9b0eb0969119
  .git/objects/e1/a3eaaa112a53f3340fea3f3b65e9bd62332f7d
  .git/objects/e1/a63ee943b0ffcaca643b7a195727617d590e02
  .git/objects/e1/e464ebbaec9aba64947919b717662aa0bc9ee6
  .git/objects/e2/68bee748b7d8c726bec2a71ade943a871f7f5d
  .git/objects/e2/7694d79b23e06af0b7c168af3fc89b45797e23
  .git/objects/e2/d29e263d62ca1a9de8ec465519a54078c37e12
  .git/objects/e3/12df4e33683318c890f40103359976f5545eef
  .git/objects/e3/5969556f51cac245b3da70ee7b7929bf953795
  .git/objects/e3/7bff6e2293a5289ff0829e89c82087292a17f1
  .git/objects/e4/f90bf8e77289b94742f00fa86d526a907bfe4a
  .git/objects/e5/8575d893340d6e870cfa4499d63099d3ebb9f5
  .git/objects/e5/cb91416c35b014ab3867cafacf03c84d16ab2a
  .git/objects/e6/9de29bb2d1d6434b8b29ae775ad8c2e48c5391
  .git/objects/e6/adb84305c307f6b2c5e778ffcd4712440c5500
  .git/objects/e6/c33733c24bd8e907df32b860ac18c7a67154fb
  .git/objects/e6/d925600f104c013cf400ba653031a61233c22f
  .git/objects/e9/20af6dd78c1cf970b50dd8ebd63b1b2dc85c03
  .git/objects/e9/249e515390f5a6d2be7d3b6419497c78270aaf
  .git/objects/e9/80c4fb8d1895ac7a55550577e646a0addd2aec
  .git/objects/ea/29181a69988f8cd460c607be2190ad58d0c7a5
  .git/objects/ea/dccd3101c8c778c26ff710094bfb32d5aade68
  .git/objects/ea/ee1fd08118a9b646620a70728532c91026adf9
  .git/objects/eb/72140e155999edcdcf8e8376c8d80db01a6e6a
  .git/objects/eb/acd422cae9481388207e5332f6714f5afd0c85
  .git/objects/eb/e7da467b64caacfeab8cfabc9d66d2986668f3
  .git/objects/ec/2b2a3387b5c3e5406bd640f59b049c469557f5
  .git/objects/ec/625734cd4ff9ba3712985df5e6bc67170f40bd
  .git/objects/ec/965bea879da9b466541a343b7b6e1ecd4508f2
  .git/objects/ec/cc137063711c280fc789075cb489fdd0d9c085
  .git/objects/ed/6181378076545656f602e8a589690c66aa0bf6
  .git/objects/ed/63c7b3b91d57d9d2ca6cce330d98b8794be8bc
  .git/objects/ee/0fa449b7c197c0d7f063cbfa0864b08e438d70
  .git/objects/ee/2d86085d75bdabaf1bcfda5c561809d60713a6
  .git/objects/ee/37e3a9848064167e24f15ab34be64f94d56723
  .git/objects/ee/6fd80a48c8a0921af7f296093b061aa818a264
  .git/objects/ee/ca56c85f1c6da220b4ebb3e0b1d03632b50fa3
  .git/objects/ef/0e76519e70e7de36926a774a450e549463e85b
  .git/objects/ef/da9268f7e89f95d09b43252a0fc5b9ae912d25
  .git/objects/ef/e04e950c6ff63b90b5c97ee483703990242125
  .git/objects/f0/1194d9cb6785c6043f0ede4a87ac10ef2427ce
  .git/objects/f0/50dafba045749f9d55f9376fce2b0b3227615b
  .git/objects/f0/7915f919d0bb9bd1a801d7f81106f30e1762ea
  .git/objects/f0/ed724709a18756c8b21908a45a60b4075e5631
  .git/objects/f1/4d460c05c8a5f80121e06345a20eefb2391153
  .git/objects/f1/66c8393467654dd4e916da4fe420217327cc28
  .git/objects/f1/c2353485eeda8f10ac146b3b295098e711050c
  .git/objects/f1/eab8a496b33a61a08718be1275954854817de9
  .git/objects/f2/7c0b23b53e40234c3f357f408f97405d5dc328
  .git/objects/f2/a7a2edc97fd781fa22d4517629d4a4f09e2023
  .git/objects/f3/079eb561708af09db1ada331d7c9c1fcd8c47c
  .git/objects/f3/c0d49a324ceebc0b6cab5fdbac404f7cdde38e
  .git/objects/f3/cdedb5518ae5c261ca402000ed8d21bcec742f
  .git/objects/f3/d31b0f24e85f1713fbabb6826c42bc28dcdd96
  .git/objects/f4/324c0a3361965d0542990ba1e7eb46bef2e5d8
  .git/objects/f4/4bf00021f8aa8adfc4ab21e5f8a6f8ebc0fb3c
  .git/objects/f4/c8e10cfab9d2003b842e7567f031fe226db596
  .git/objects/f5/681adbea07dffc6ba3197f35dea4cd756501a6
  .git/objects/f5/a01a5e0785971b72e98397dfe3044a4dc88cda
  .git/objects/f5/dc233c14548dd5e739bad27b6a293d2923750a
  .git/objects/f6/1fe824a59d5622e1130212b1002b6b91792123
  .git/objects/f6/63d07e951cff090d1aee8de90e1b2d5cda3f47
  .git/objects/f6/76849605ae512b1ddd443439406e8a34f1b74d
  .git/objects/f6/eb5d38669056b32fa25f2272766b6e2ab59332
  .git/objects/f7/1dd23d58dcd0c3efadf1fe7b86c786a7c117b4
  .git/objects/f7/5a06dc5a90616999a6e859e3afc0836debdd12
  .git/objects/f7/5cea2414027317f8258955054d6ad5ad101133
  .git/objects/f7/7839413c536b2f39ef9b91c6df39723b5c8813
  .git/objects/f7/7f2f33706a217f041042bfb53d1a4228546683
  .git/objects/f7/b1e8e8f27f09566c42c9dff8f61c39f41c7693
  .git/objects/f7/ee5e25f4a6c2d06fbc1aff5adeb24bce3c364c
  .git/objects/f8/8d232cfcd3cfa2e8127e3eee55c0f73c0c3195
  .git/objects/f9/0b629a8274eb4be2ef6972544afe51fa817837
  .git/objects/f9/0dec049bbec6ab7195dbaea91a98a0bbcc4993
  .git/objects/f9/5d35d9da7ac6481251a4e54fde8f3e21d4559f
  .git/objects/f9/c7694ec179e0265c7468dacd98cb097b72a621
  .git/objects/f9/fb4372a29bc799e543e854d0fcc2b40ed2c8a1
  .git/objects/fa/2b60647c99f6bfdb5f50ccb84bb969610dffe3
  .git/objects/fa/a2ac5fd054e89c7aa62803a91812750bcc1771
  .git/objects/fa/e1675f8f90358268c593825261ec57a2743da3
  .git/objects/fb/d191acf8d89746099caae11fd356753bc82be7
  .git/objects/fb/f24b39549f9136eac2074985d6d437403f85ef
  .git/objects/fc/181f0e0ad13712e0034a302270a77ab8c06ab4
  .git/objects/fc/35bec29b4c844d7114b68829a55e5adab26c3a
  .git/objects/fc/449b91f3ce66a108fcb798e240e0b4f70d8edc
  .git/objects/fc/46a313a48b38a7acc5b257ad348a8723d78f81
  .git/objects/fd/073f04c41f9620a5419349cd6c1c2f3ea2c204
  .git/objects/fd/0bc727d69a20602a0f36309ca4dc99b398cd16
  .git/objects/fd/41f6912b0fd6006be53ef5bce55d715ca05056
  .git/objects/fd/818375d1b78f71cc32b3f68264ec4b01c25955
  .git/objects/fd/91bbe9128999110a26f4dd21f96add5fabfa09
  .git/objects/fd/a58c2d52bed2cfe3f70ba2312e27084292294c
  .git/objects/fd/ac2c22aa3a55da501b5c31404e80cd9dc1784c
  .git/objects/fd/c93aaa162d67a189c7fcc2353bf06d71ceaf23
  .git/objects/fe/0e1450af0bc9d7474e1b8fab6fb6e2a2b5315d
  .git/objects/fe/ae2fc04410dc308e464aa256fe1f2d31edc988
  .git/objects/fe/c218c041f1958371d4bc3ce638984eca990eea
  .git/objects/ff/fc2c6d3fad3cff19b8b844dfb3439412792f1d
  src/bamtools-2.3.0/bin/bamtools
  src/bamtools-2.3.0/bin/bamtools-2.3.0
  src/bamtools-2.3.0/build/CMakeFiles/3.10.0/CMakeDetermineCompilerABI_C.bin
  src/bamtools-2.3.0/build/CMakeFiles/3.10.0/CMakeDetermineCompilerABI_CXX.bin
  src/bamtools-2.3.0/build/CMakeFiles/3.10.0/CompilerIdC/a.out
  src/bamtools-2.3.0/build/CMakeFiles/3.10.0/CompilerIdCXX/a.out
  src/bamtools-2.3.0/build/CMakeFiles/feature_tests.bin
  src/htslib-1.3/bgzip
  src/htslib-1.3/htsfile
  src/htslib-1.3/tabix
  src/htslib-1.3/test/fieldarith
  src/htslib-1.3/test/hfile
  src/htslib-1.3/test/sam
  src/htslib-1.3/test/test-regidx
  src/htslib-1.3/test/test-vcf-api
  src/htslib-1.3/test/test-vcf-sweep
  src/htslib-1.3/test/test_view
Source packages should not contain undeclared executable files.
See section ‘Package structure’ in the ‘Writing R Extensions’ manual.
* checking for hidden files and directories ... NOTE
Found the following hidden files and directories:
  ..Rcheck
  .git
These were most likely included in error. See section ‘Package
structure’ in the ‘Writing R Extensions’ manual.
* checking for portable file names ... NOTE
Found the following non-portable file paths:
  RLancet/src/bamtools-2.3.0/build/CMakeFiles/3.10.0/CompilerIdC/a.out.dSYM/Contents/Resources/DWARF/a.out
  RLancet/src/bamtools-2.3.0/build/CMakeFiles/3.10.0/CompilerIdCXX/a.out.dSYM/Contents/Resources/DWARF/a.out
  RLancet/src/bamtools-2.3.0/build/src/api/CMakeFiles/BamTools-static.dir/internal/bam/BamHeader_p.cpp.o
  RLancet/src/bamtools-2.3.0/build/src/api/CMakeFiles/BamTools-static.dir/internal/bam/BamMultiReader_p.cpp.o
  RLancet/src/bamtools-2.3.0/build/src/api/CMakeFiles/BamTools-static.dir/internal/bam/BamRandomAccessController_p.cpp.o
  RLancet/src/bamtools-2.3.0/build/src/api/CMakeFiles/BamTools-static.dir/internal/bam/BamReader_p.cpp.o
  RLancet/src/bamtools-2.3.0/build/src/api/CMakeFiles/BamTools-static.dir/internal/bam/BamWriter_p.cpp.o
  RLancet/src/bamtools-2.3.0/build/src/api/CMakeFiles/BamTools-static.dir/internal/index/BamIndexFactory_p.cpp.o
  RLancet/src/bamtools-2.3.0/build/src/api/CMakeFiles/BamTools-static.dir/internal/index/BamStandardIndex_p.cpp.o
  RLancet/src/bamtools-2.3.0/build/src/api/CMakeFiles/BamTools-static.dir/internal/index/BamToolsIndex_p.cpp.o
  RLancet/src/bamtools-2.3.0/build/src/api/CMakeFiles/BamTools-static.dir/internal/io/BamDeviceFactory_p.cpp.o
  RLancet/src/bamtools-2.3.0/build/src/api/CMakeFiles/BamTools-static.dir/internal/io/BgzfStream_p.cpp.o
  RLancet/src/bamtools-2.3.0/build/src/api/CMakeFiles/BamTools-static.dir/internal/io/ByteArray_p.cpp.o
  RLancet/src/bamtools-2.3.0/build/src/api/CMakeFiles/BamTools-static.dir/internal/io/HostAddress_p.cpp.o
  RLancet/src/bamtools-2.3.0/build/src/api/CMakeFiles/BamTools-static.dir/internal/io/HttpHeader_p.cpp.o
  RLancet/src/bamtools-2.3.0/build/src/api/CMakeFiles/BamTools-static.dir/internal/io/ILocalIODevice_p.cpp.o
  RLancet/src/bamtools-2.3.0/build/src/api/CMakeFiles/BamTools-static.dir/internal/io/RollingBuffer_p.cpp.o
  RLancet/src/bamtools-2.3.0/build/src/api/CMakeFiles/BamTools-static.dir/internal/io/TcpSocketEngine_p.cpp.o
  RLancet/src/bamtools-2.3.0/build/src/api/CMakeFiles/BamTools-static.dir/internal/io/TcpSocketEngine_unix_p.cpp.o
  RLancet/src/bamtools-2.3.0/build/src/api/CMakeFiles/BamTools-static.dir/internal/io/TcpSocket_p.cpp.o
  RLancet/src/bamtools-2.3.0/build/src/api/CMakeFiles/BamTools-static.dir/internal/sam/SamFormatParser_p.cpp.o
  RLancet/src/bamtools-2.3.0/build/src/api/CMakeFiles/BamTools-static.dir/internal/sam/SamFormatPrinter_p.cpp.o
  RLancet/src/bamtools-2.3.0/build/src/api/CMakeFiles/BamTools-static.dir/internal/sam/SamHeaderValidator_p.cpp.o
  RLancet/src/bamtools-2.3.0/build/src/api/CMakeFiles/BamTools-static.dir/internal/utils/BamException_p.cpp.o
  RLancet/src/bamtools-2.3.0/build/src/api/CMakeFiles/BamTools.dir/internal/bam/BamRandomAccessController_p.cpp.o
  RLancet/src/bamtools-2.3.0/build/src/api/CMakeFiles/BamTools.dir/internal/index/BamIndexFactory_p.cpp.o
  RLancet/src/bamtools-2.3.0/build/src/api/CMakeFiles/BamTools.dir/internal/index/BamStandardIndex_p.cpp.o
  RLancet/src/bamtools-2.3.0/build/src/api/CMakeFiles/BamTools.dir/internal/index/BamToolsIndex_p.cpp.o
  RLancet/src/bamtools-2.3.0/build/src/api/CMakeFiles/BamTools.dir/internal/io/BamDeviceFactory_p.cpp.o
  RLancet/src/bamtools-2.3.0/build/src/api/CMakeFiles/BamTools.dir/internal/io/TcpSocketEngine_unix_p.cpp.o
  RLancet/src/bamtools-2.3.0/build/src/api/CMakeFiles/BamTools.dir/internal/sam/SamFormatParser_p.cpp.o
  RLancet/src/bamtools-2.3.0/build/src/api/CMakeFiles/BamTools.dir/internal/sam/SamFormatPrinter_p.cpp.o
  RLancet/src/bamtools-2.3.0/build/src/api/CMakeFiles/BamTools.dir/internal/sam/SamHeaderValidator_p.cpp.o
  RLancet/src/bamtools-2.3.0/build/src/third_party/jsoncpp/CMakeFiles/jsoncpp.dir/cmake_clean_target.cmake
  RLancet/src/bamtools-2.3.0/build/src/utils/CMakeFiles/BamTools-utils.dir/bamtools_pileup_engine.cpp.o

Tarballs are only required to store paths of up to 100 bytes and cannot
store those of more than 256 bytes, with restrictions including to 100
bytes for the final component.
See section ‘Package structure’ in the ‘Writing R Extensions’ manual.
* checking for sufficient/correct file permissions ... OK
* checking whether package ‘RLancet’ can be installed ... ERROR
Installation failed.
See ‘/Users/ebiederstedt/RLancet/..Rcheck/00install.out’ for details.
* DONE
Status: 1 ERROR, 1 WARNING, 3 NOTEs
