* installing *source* package ‘RLancet’ ...
** libs
mkdir /Users/ebiederstedt/RLancet/src/bamtools-2.3.0/build; cd /Users/ebiederstedt/RLancet/src/bamtools-2.3.0/build; cmake ..; make; cd ../
mkdir: /Users/ebiederstedt/RLancet/src/bamtools-2.3.0/build: File exists
-- Configuring done
-- Generating done
-- Build files have been written to: /Users/ebiederstedt/RLancet/src/bamtools-2.3.0/build
[  0%] Built target SharedHeaders
[  0%] Built target AlgorithmsHeaders
[  0%] Built target APIHeaders
[ 38%] Built target BamTools-static
[ 76%] Built target BamTools
[ 80%] Built target jsoncpp
[ 85%] Built target BamTools-utils
[100%] Built target bamtools_cmd
cd /Users/ebiederstedt/RLancet/src/htslib-1.3; ./configure; make; cd ../
checking for gcc... gcc
checking whether the C compiler works... yes
checking for C compiler default output file name... a.out
checking for suffix of executables... 
checking whether we are cross compiling... no
checking for suffix of object files... o
checking whether we are using the GNU C compiler... yes
checking whether gcc accepts -g... yes
checking for gcc option to accept ISO C89... none needed
checking for ranlib... ranlib
checking how to run the C preprocessor... gcc -E
checking for grep that handles long lines and -e... /usr/bin/grep
checking for egrep... /usr/bin/grep -E
checking for ANSI C header files... yes
checking for sys/types.h... yes
checking for sys/stat.h... yes
checking for stdlib.h... yes
checking for string.h... yes
checking for memory.h... yes
checking for strings.h... yes
checking for inttypes.h... yes
checking for stdint.h... yes
checking for unistd.h... yes
checking for stdlib.h... (cached) yes
checking for unistd.h... (cached) yes
checking for sys/param.h... yes
checking for getpagesize... yes
checking for working mmap... yes
checking for gmtime_r... yes
checking for zlib.h... yes
checking for inflate in -lz... yes
configure: creating ./config.status
config.status: creating config.mk
config.status: creating config.h
config.status: config.h is unchanged
make[1]: Nothing to be done for `all'.
g++  -I/Users/ebiederstedt/RLancet/src/bamtools-2.3.0/include/ -I/Users/ebiederstedt/RLancet/src/htslib-1.3/ -L/Users/ebiederstedt/RLancet/src/bamtools-2.3.0/lib/ -L/Users/ebiederstedt/RLancet/src/htslib-1.3/ Lancet.cpp Edge.cpp Node.cpp Graph.cpp Microassembler.cpp Ref.cpp Path.cpp ContigLink.cpp align.cpp util.cpp sha256.cpp VariantDB.cpp Variant.cpp -o RLancet.so /Users/ebiederstedt/RLancet/src/htslib-1.3/libhts.a -lz -ldl -lbamtools -lpthread -fPIC -shared
In file included from Lancet.cpp:1:
In file included from ./Lancet.hh:27:
In file included from ./Microassembler.hh:43:
In file included from /Users/ebiederstedt/RLancet/src/bamtools-2.3.0/include/api/BamReader.h:14:
In file included from /Users/ebiederstedt/RLancet/src/bamtools-2.3.0/include/api/BamAlignment.h:15:
/Users/ebiederstedt/RLancet/src/bamtools-2.3.0/include/api/BamConstants.h:129:25: warning: implicit conversion from 'int' to 'const char' changes value from 139 to -117 [-Wconstant-conversion]
const char GZIP_ID2   = 139;
           ~~~~~~~~     ^~~
/Users/ebiederstedt/RLancet/src/bamtools-2.3.0/include/api/BamConstants.h:132:25: warning: implicit conversion from 'int' to 'const char' changes value from 255 to -1 [-Wconstant-conversion]
const char OS_UNKNOWN = 255;
           ~~~~~~~~~~   ^~~
In file included from Lancet.cpp:1:
In file included from ./Lancet.hh:27:
In file included from ./Microassembler.hh:50:
In file included from ./util.hh:54:
/Applications/Xcode.app/Contents/Developer/Toolchains/XcodeDefault.xctoolchain/usr/include/c++/v1/ext/hash_map:213:5: warning: Use of the header <ext/hash_map> is deprecated.  Migrate to <unordered_map> [-W#warnings]
#   warning Use of the header <ext/hash_map> is deprecated.  Migrate to <unordered_map>
    ^
Lancet.cpp:367:84: warning: incrementing expression of type bool is deprecated and incompatible with C++1z [-Wdeprecated-increment-bool]
        if (TUMOR == "") { cerr << "ERROR: Must provide the tumor BAM file (-t)" << endl; ++errflg; }
                                                                                          ^ ~~~~~~
Lancet.cpp:368:86: warning: incrementing expression of type bool is deprecated and incompatible with C++1z [-Wdeprecated-increment-bool]
        if (NORMAL == "") { cerr << "ERROR: Must provide the normal BAM file (-n)" << endl; ++errflg; }         
                                                                                            ^ ~~~~~~
Lancet.cpp:369:91: warning: incrementing expression of type bool is deprecated and incompatible with C++1z [-Wdeprecated-increment-bool]
        if (REFFILE == "") { cerr << "ERROR: Must provide a reference genome file (-r)" << endl; ++errflg; }
                                                                                                 ^ ~~~~~~
Lancet.cpp:370:113: warning: incrementing expression of type bool is deprecated and incompatible with C++1z [-Wdeprecated-increment-bool]
        if ( (BEDFILE == "") && (REGION == "") ) { cerr << "ERROR: Must provide region (-p) or BED file (-B)" << endl; ++errflg; }
                                                                                                                       ^ ~~~~~~
Lancet.cpp:718:84: warning: incrementing expression of type bool is deprecated and incompatible with C++1z [-Wdeprecated-increment-bool]
        if (TUMOR == "") { cerr << "ERROR: Must provide the tumor BAM file (-t)" << endl; ++errflg; }
                                                                                          ^ ~~~~~~
Lancet.cpp:719:86: warning: incrementing expression of type bool is deprecated and incompatible with C++1z [-Wdeprecated-increment-bool]
        if (NORMAL == "") { cerr << "ERROR: Must provide the normal BAM file (-n)" << endl; ++errflg; }         
                                                                                            ^ ~~~~~~
Lancet.cpp:720:91: warning: incrementing expression of type bool is deprecated and incompatible with C++1z [-Wdeprecated-increment-bool]
        if (REFFILE == "") { cerr << "ERROR: Must provide a reference genome file (-r)" << endl; ++errflg; }
                                                                                                 ^ ~~~~~~
Lancet.cpp:721:113: warning: incrementing expression of type bool is deprecated and incompatible with C++1z [-Wdeprecated-increment-bool]
        if ( (BEDFILE == "") && (REGION == "") ) { cerr << "ERROR: Must provide region (-p) or BED file (-B)" << endl; ++errflg; }
                                                                                                                       ^ ~~~~~~
11 warnings generated.
In file included from Edge.cpp:1:
In file included from ./Edge.hh:32:
In file included from ./Mer.hh:28:
In file included from ./util.hh:54:
/Applications/Xcode.app/Contents/Developer/Toolchains/XcodeDefault.xctoolchain/usr/include/c++/v1/ext/hash_map:213:5: warning: Use of the header <ext/hash_map> is deprecated.  Migrate to <unordered_map> [-W#warnings]
#   warning Use of the header <ext/hash_map> is deprecated.  Migrate to <unordered_map>
    ^
1 warning generated.
In file included from Node.cpp:1:
In file included from ./Node.hh:33:
In file included from ./Mer.hh:28:
In file included from ./util.hh:54:
/Applications/Xcode.app/Contents/Developer/Toolchains/XcodeDefault.xctoolchain/usr/include/c++/v1/ext/hash_map:213:5: warning: Use of the header <ext/hash_map> is deprecated.  Migrate to <unordered_map> [-W#warnings]
#   warning Use of the header <ext/hash_map> is deprecated.  Migrate to <unordered_map>
    ^
Node.cpp:503:7: warning: 'auto' type specifier is a C++11 extension [-Wc++11-extensions]
        for (auto it = other.reads_m.begin(); it != other.reads_m.end(); ++it) {
             ^
2 warnings generated.
In file included from Graph.cpp:3:
In file included from ./Graph.hh:37:
In file included from ./util.hh:54:
/Applications/Xcode.app/Contents/Developer/Toolchains/XcodeDefault.xctoolchain/usr/include/c++/v1/ext/hash_map:213:5: warning: Use of the header <ext/hash_map> is deprecated.  Migrate to <unordered_map> [-W#warnings]
#   warning Use of the header <ext/hash_map> is deprecated.  Migrate to <unordered_map>
    ^
1 warning generated.
In file included from Microassembler.cpp:1:
In file included from ./Microassembler.hh:43:
In file included from /Users/ebiederstedt/RLancet/src/bamtools-2.3.0/include/api/BamReader.h:14:
In file included from /Users/ebiederstedt/RLancet/src/bamtools-2.3.0/include/api/BamAlignment.h:15:
/Users/ebiederstedt/RLancet/src/bamtools-2.3.0/include/api/BamConstants.h:129:25: warning: implicit conversion from 'int' to 'const char' changes value from 139 to -117 [-Wconstant-conversion]
const char GZIP_ID2   = 139;
           ~~~~~~~~     ^~~
/Users/ebiederstedt/RLancet/src/bamtools-2.3.0/include/api/BamConstants.h:132:25: warning: implicit conversion from 'int' to 'const char' changes value from 255 to -1 [-Wconstant-conversion]
const char OS_UNKNOWN = 255;
           ~~~~~~~~~~   ^~~
In file included from Microassembler.cpp:1:
In file included from ./Microassembler.hh:50:
In file included from ./util.hh:54:
/Applications/Xcode.app/Contents/Developer/Toolchains/XcodeDefault.xctoolchain/usr/include/c++/v1/ext/hash_map:213:5: warning: Use of the header <ext/hash_map> is deprecated.  Migrate to <unordered_map> [-W#warnings]
#   warning Use of the header <ext/hash_map> is deprecated.  Migrate to <unordered_map>
    ^
3 warnings generated.
In file included from Ref.cpp:1:
In file included from ./Ref.hh:32:
In file included from ./Mer.hh:28:
In file included from ./util.hh:54:
/Applications/Xcode.app/Contents/Developer/Toolchains/XcodeDefault.xctoolchain/usr/include/c++/v1/ext/hash_map:213:5: warning: Use of the header <ext/hash_map> is deprecated.  Migrate to <unordered_map> [-W#warnings]
#   warning Use of the header <ext/hash_map> is deprecated.  Migrate to <unordered_map>
    ^
1 warning generated.
In file included from Path.cpp:1:
In file included from ./Path.hh:31:
In file included from ./Edge.hh:32:
In file included from ./Mer.hh:28:
In file included from ./util.hh:54:
/Applications/Xcode.app/Contents/Developer/Toolchains/XcodeDefault.xctoolchain/usr/include/c++/v1/ext/hash_map:213:5: warning: Use of the header <ext/hash_map> is deprecated.  Migrate to <unordered_map> [-W#warnings]
#   warning Use of the header <ext/hash_map> is deprecated.  Migrate to <unordered_map>
    ^
1 warning generated.
In file included from ContigLink.cpp:1:
In file included from ./ContigLink.hh:31:
In file included from ./ReadInfo.hh:29:
In file included from ./Mer.hh:28:
In file included from ./util.hh:54:
/Applications/Xcode.app/Contents/Developer/Toolchains/XcodeDefault.xctoolchain/usr/include/c++/v1/ext/hash_map:213:5: warning: Use of the header <ext/hash_map> is deprecated.  Migrate to <unordered_map> [-W#warnings]
#   warning Use of the header <ext/hash_map> is deprecated.  Migrate to <unordered_map>
    ^
1 warning generated.
In file included from util.cpp:1:
In file included from ./util.hh:54:
/Applications/Xcode.app/Contents/Developer/Toolchains/XcodeDefault.xctoolchain/usr/include/c++/v1/ext/hash_map:213:5: warning: Use of the header <ext/hash_map> is deprecated.  Migrate to <unordered_map> [-W#warnings]
#   warning Use of the header <ext/hash_map> is deprecated.  Migrate to <unordered_map>
    ^
util.cpp:474:86: warning: comparison of unsigned expression >= 0 is always true [-Wtautological-compare]
                                                        for (unsigned int z = offset-FLANK; z < (unsigned int)offset;    ++z) { if (z >= 0) { /*cerr << (char) tolower(seq[z]);*/ } }
                                                                                                                                    ~ ^  ~
2 warnings generated.
In file included from VariantDB.cpp:3:
In file included from ./VariantDB.hh:30:
In file included from ./util.hh:54:
/Applications/Xcode.app/Contents/Developer/Toolchains/XcodeDefault.xctoolchain/usr/include/c++/v1/ext/hash_map:213:5: warning: Use of the header <ext/hash_map> is deprecated.  Migrate to <unordered_map> [-W#warnings]
#   warning Use of the header <ext/hash_map> is deprecated.  Migrate to <unordered_map>
    ^
1 warning generated.
In file included from Variant.cpp:1:
In file included from ./Variant.hh:31:
In file included from ./util.hh:54:
/Applications/Xcode.app/Contents/Developer/Toolchains/XcodeDefault.xctoolchain/usr/include/c++/v1/ext/hash_map:213:5: warning: Use of the header <ext/hash_map> is deprecated.  Migrate to <unordered_map> [-W#warnings]
#   warning Use of the header <ext/hash_map> is deprecated.  Migrate to <unordered_map>
    ^
1 warning generated.
clang++ -I/Library/Frameworks/R.framework/Resources/include -DNDEBUG -Wno-deprecated -Wall -O3 -fexceptions -g -Wl,-rpath,/Users/ebiederstedt/RLancet/src/bamtools-2.3.0/lib/ -I/usr/local/include -I/usr/local/include/freetype2 -I/opt/X11/include -I"/Library/Frameworks/R.framework/Versions/3.3/Resources/library/Rcpp/include"   -fPIC  -Wall -mtune=core2 -g -O2  -c ContigLink.cpp -o ContigLink.o
clang: warning: -Wl,-rpath,/Users/ebiederstedt/RLancet/src/bamtools-2.3.0/lib/: 'linker' input unused [-Wunused-command-line-argument]
clang++ -I/Library/Frameworks/R.framework/Resources/include -DNDEBUG -Wno-deprecated -Wall -O3 -fexceptions -g -Wl,-rpath,/Users/ebiederstedt/RLancet/src/bamtools-2.3.0/lib/ -I/usr/local/include -I/usr/local/include/freetype2 -I/opt/X11/include -I"/Library/Frameworks/R.framework/Versions/3.3/Resources/library/Rcpp/include"   -fPIC  -Wall -mtune=core2 -g -O2  -c Edge.cpp -o Edge.o
clang: warning: -Wl,-rpath,/Users/ebiederstedt/RLancet/src/bamtools-2.3.0/lib/: 'linker' input unused [-Wunused-command-line-argument]
clang++ -I/Library/Frameworks/R.framework/Resources/include -DNDEBUG -Wno-deprecated -Wall -O3 -fexceptions -g -Wl,-rpath,/Users/ebiederstedt/RLancet/src/bamtools-2.3.0/lib/ -I/usr/local/include -I/usr/local/include/freetype2 -I/opt/X11/include -I"/Library/Frameworks/R.framework/Versions/3.3/Resources/library/Rcpp/include"   -fPIC  -Wall -mtune=core2 -g -O2  -c Graph.cpp -o Graph.o
clang: warning: -Wl,-rpath,/Users/ebiederstedt/RLancet/src/bamtools-2.3.0/lib/: 'linker' input unused [-Wunused-command-line-argument]
clang++ -I/Library/Frameworks/R.framework/Resources/include -DNDEBUG -Wno-deprecated -Wall -O3 -fexceptions -g -Wl,-rpath,/Users/ebiederstedt/RLancet/src/bamtools-2.3.0/lib/ -I/usr/local/include -I/usr/local/include/freetype2 -I/opt/X11/include -I"/Library/Frameworks/R.framework/Versions/3.3/Resources/library/Rcpp/include"   -fPIC  -Wall -mtune=core2 -g -O2  -c Lancet.cpp -o Lancet.o
clang: warning: -Wl,-rpath,/Users/ebiederstedt/RLancet/src/bamtools-2.3.0/lib/: 'linker' input unused [-Wunused-command-line-argument]
In file included from Lancet.cpp:1:
In file included from ./Lancet.hh:27:
./Microassembler.hh:43:10: fatal error: 'api/BamReader.h' file not found
#include "api/BamReader.h"
         ^~~~~~~~~~~~~~~~~
1 error generated.
make: *** [Lancet.o] Error 1
ERROR: compilation failed for package ‘RLancet’
* removing ‘/Users/ebiederstedt/RLancet/..Rcheck/RLancet’
